R
C 0
= 0x9f3743c
R
P 0x9f3743c
S "MODEL"
S "true"
C 2
R
P 0x9f3743c
S "MODEL"
S "true"
C 2
R
P 0x9f3743c
C 3
= 0x9f38ef4
M "Test a high level Petri net\044 unrolled transitions"
R
P 0x9f38ef4
S "Idle"
C 27
R
P 0x9f38ef4
S "Trying"
C 27
R
P 0x9f38ef4
S "Critical"
C 27
R
P 0x9f38ef4
S "Monitor"
C 27
R
P 0x9f38ef4
S "DT0f0"
C 27
R
P 0x9f38ef4
C 30
= 0x9f4598c
R
P 0x9f38ef4
S "DT0SORT"
C 27
R
P 0x9f38ef4
$ |DT0SORT|
U 1
$ |DT0f0|
s 1
P 0x9f4598c
p 1
P 0
P 0
p 1
C 35
= 0x9f45fd4
* 0x9f4bca4 5
@ 0x9f4bcc8 6 0
R
P 0x9f38ef4
S "DT1f0"
C 27
R
P 0x9f38ef4
C 30
= 0x9f4598c
R
P 0x9f38ef4
S "DT1f1"
C 27
R
P 0x9f38ef4
C 30
= 0x9f4598c
R
P 0x9f38ef4
S "DT1SORT"
C 27
R
P 0x9f38ef4
$ |DT1SORT|
U 2
$ |DT1f0|
$ |DT1f1|
s 2
P 0x9f4598c
P 0x9f4598c
p 2
P 0
P 0
P 0
p 2
C 35
= 0x9f45fec
* 0x9f49d0c 5
@ 0x9f4bcec 6 0
@ 0x9f4bd10 6 1
R
P 0x9f38ef4
C 29
= 0x9f458fc
R
P 0x9f38ef4
P 0x9f45fd4
P 0x9f458fc
C 34
= 0x9f46004
R
P 0x9f38ef4
C 29
= 0x9f458fc
R
P 0x9f38ef4
P 0x9f45fd4
P 0x9f458fc
C 34
= 0x9f46004
R
P 0x9f38ef4
C 29
= 0x9f458fc
R
P 0x9f38ef4
P 0x9f45fd4
P 0x9f458fc
C 34
= 0x9f46004
R
P 0x9f38ef4
C 29
= 0x9f458fc
R
P 0x9f38ef4
P 0x9f45fec
P 0x9f458fc
C 34
= 0x9f4601c
R
P 0x9f38ef4
S "State"
C 27
R
P 0x9f38ef4
$ |State|
U 4
$ |Idle|
$ |Trying|
$ |Critical|
$ |Monitor|
s 4
P 0x9f46004
P 0x9f46004
P 0x9f46004
P 0x9f4601c
p 4
P 0
P 0
P 0
P 0
P 0
p 4
C 35
= 0x9f46034
* 0x9f58b8c 5
@ 0x9f4bd34 6 0
@ 0x9f4bd58 6 1
@ 0x9f4bd7c 6 2
@ 0x9f4bda0 6 3
R
P 0x9f38ef4
S "S0"
C 27
R
P 0x9f38ef4
$ |S0|
P 0x9f46034
C 47
= 0x9f4604c
R
P 0x9f38ef4
S "S1"
C 27
R
P 0x9f38ef4
$ |S1|
P 0x9f46034
C 47
= 0x9f46064
R
P 0x9f38ef4
S "S2"
C 27
R
P 0x9f38ef4
$ |S2|
P 0x9f46034
C 47
= 0x9f4607c
R
P 0x9f38ef4
S "S3"
C 27
R
P 0x9f38ef4
$ |S3|
P 0x9f46034
C 47
= 0x9f46094
R
P 0x9f38ef4
P 0x9f45fd4
C 130
= 0x9f47a64
R
P 0x9f38ef4
S "Idle_tok0"
C 27
R
P 0x9f38ef4
$ |Idle_tok0|
P 0x9f45fd4
C 47
= 0x9f460ac
R
P 0x9f38ef4
C 30
= 0x9f4598c
R
P 0x9f38ef4
I 1
P 0x9f4598c
C 142
= 0x9f460c4
R
P 0x9f38ef4
P 0x9f4bcc8
U 1
P 0x9f460ac
p 1
C 46
= 0x9f47ac4
R
P 0x9f38ef4
P 0x9f47ac4
P 0x9f460c4
C 52
= 0x9f4bde8
R
P 0x9f38ef4
U 1
P 0x9f4bde8
p 1
C 59
= 0x9f47ae4
R
P 0x9f38ef4
P 0x9f47ae4
C 443
R
P 0x9f38ef4
C 50
= 0x9f45944
R
P 0x9f38ef4
P 0x9f47a64
P 0x9f460ac
P 0x9f45944
C 125
= 0x9f49d5c
R
P 0x9f38ef4
S "Idle_tok1"
C 27
R
P 0x9f38ef4
$ |Idle_tok1|
P 0x9f45fd4
C 47
= 0x9f4628c
R
P 0x9f38ef4
C 30
= 0x9f4598c
R
P 0x9f38ef4
I 2
P 0x9f4598c
C 142
= 0x9f462a4
R
P 0x9f38ef4
P 0x9f4bcc8
U 1
P 0x9f4628c
p 1
C 46
= 0x9f47ba4
R
P 0x9f38ef4
P 0x9f47ba4
P 0x9f462a4
C 52
= 0x9f4be30
R
P 0x9f38ef4
U 1
P 0x9f4be30
p 1
C 59
= 0x9f47bc4
R
P 0x9f38ef4
P 0x9f47bc4
C 443
R
P 0x9f38ef4
C 50
= 0x9f45944
R
P 0x9f38ef4
P 0x9f49d5c
P 0x9f4628c
P 0x9f45944
C 125
= 0x9f49d84
R
P 0x9f38ef4
P 0x9f4bd34
U 1
P 0x9f4604c
p 1
C 46
= 0x9f47be4
R
P 0x9f38ef4
P 0x9f47be4
P 0x9f49d84
C 52
= 0x9f4be54
R
P 0x9f38ef4
P 0x9f45fd4
C 130
= 0x9f47a64
R
P 0x9f38ef4
P 0x9f4bd58
U 1
P 0x9f4604c
p 1
C 46
= 0x9f47c04
R
P 0x9f38ef4
P 0x9f47c04
P 0x9f47a64
C 52
= 0x9f4be78
R
P 0x9f38ef4
P 0x9f45fd4
C 130
= 0x9f47a64
R
P 0x9f38ef4
P 0x9f4bd7c
U 1
P 0x9f4604c
p 1
C 46
= 0x9f47c24
R
P 0x9f38ef4
P 0x9f47c24
P 0x9f47a64
C 52
= 0x9f4be9c
R
P 0x9f38ef4
P 0x9f45fec
C 130
= 0x9f47c44
R
P 0x9f38ef4
S "Monitor_tok0"
C 27
R
P 0x9f38ef4
$ |Monitor_tok0|
P 0x9f45fec
C 47
= 0x9f462bc
R
P 0x9f38ef4
C 30
= 0x9f4598c
R
P 0x9f38ef4
I 1
P 0x9f4598c
C 142
= 0x9f460c4
R
P 0x9f38ef4
P 0x9f4bcec
U 1
P 0x9f462bc
p 1
C 46
= 0x9f47c84
R
P 0x9f38ef4
P 0x9f47c84
P 0x9f460c4
C 52
= 0x9f4bee4
R
P 0x9f38ef4
C 30
= 0x9f4598c
R
P 0x9f38ef4
I 0
P 0x9f4598c
C 142
= 0x9f460f4
R
P 0x9f38ef4
P 0x9f4bd10
U 1
P 0x9f462bc
p 1
C 46
= 0x9f47ca4
R
P 0x9f38ef4
P 0x9f47ca4
P 0x9f460f4
C 52
= 0x9f4bf08
R
P 0x9f38ef4
U 2
P 0x9f4bee4
P 0x9f4bf08
p 2
C 59
= 0x9f4bf2c
R
P 0x9f38ef4
P 0x9f4bf2c
C 443
R
P 0x9f38ef4
C 50
= 0x9f45944
R
P 0x9f38ef4
P 0x9f47c44
P 0x9f462bc
P 0x9f45944
C 125
= 0x9f49dd4
R
P 0x9f38ef4
S "Monitor_tok1"
C 27
R
P 0x9f38ef4
$ |Monitor_tok1|
P 0x9f45fec
C 47
= 0x9f462d4
R
P 0x9f38ef4
C 30
= 0x9f4598c
R
P 0x9f38ef4
I 2
P 0x9f4598c
C 142
= 0x9f462a4
R
P 0x9f38ef4
P 0x9f4bcec
U 1
P 0x9f462d4
p 1
C 46
= 0x9f47ce4
R
P 0x9f38ef4
P 0x9f47ce4
P 0x9f462a4
C 52
= 0x9f4bf50
R
P 0x9f38ef4
C 30
= 0x9f4598c
R
P 0x9f38ef4
I 0
P 0x9f4598c
C 142
= 0x9f460f4
R
P 0x9f38ef4
P 0x9f4bd10
U 1
P 0x9f462d4
p 1
C 46
= 0x9f47d04
R
P 0x9f38ef4
P 0x9f47d04
P 0x9f460f4
C 52
= 0x9f4bf74
R
P 0x9f38ef4
U 2
P 0x9f4bf50
P 0x9f4bf74
p 2
C 59
= 0x9f4bf98
R
P 0x9f38ef4
P 0x9f4bf98
C 443
R
P 0x9f38ef4
C 50
= 0x9f45944
R
P 0x9f38ef4
P 0x9f49dd4
P 0x9f462d4
P 0x9f45944
C 125
= 0x9f49dfc
R
P 0x9f38ef4
P 0x9f4bda0
U 1
P 0x9f4604c
p 1
C 46
= 0x9f47d24
R
P 0x9f38ef4
P 0x9f47d24
P 0x9f49dfc
C 52
= 0x9f4bfbc
R
P 0x9f38ef4
U 4
P 0x9f4be54
P 0x9f4be78
P 0x9f4be9c
P 0x9f4bfbc
p 4
C 59
= 0x9f50da4
R
P 0x9f38ef4
P 0x9f50da4
C 443
R
P 0x9f38ef4
S "S0gt"
C 27
R
P 0x9f38ef4
$ |S0gt|
P 0x9f45fd4
C 47
= 0x9f462ec
R
P 0x9f38ef4
C 29
= 0x9f458fc
R
P 0x9f38ef4
P 0x9f45fec
P 0x9f458fc
C 34
= 0x9f4601c
R
P 0x9f38ef4
S "S0M1"
C 27
R
P 0x9f38ef4
$ |S0M1|
P 0x9f4601c
C 47
= 0x9f46304
R
P 0x9f38ef4
S "S0ot"
C 27
R
P 0x9f38ef4
$ |S0ot|
P 0x9f45fd4
C 47
= 0x9f4631c
R
P 0x9f38ef4
C 29
= 0x9f458fc
R
P 0x9f38ef4
P 0x9f45fec
P 0x9f458fc
C 34
= 0x9f4601c
R
P 0x9f38ef4
S "S0M2"
C 27
R
P 0x9f38ef4
$ |S0M2|
P 0x9f4601c
C 47
= 0x9f46334
R
P 0x9f38ef4
S "S0Monitorx"
C 27
R
P 0x9f38ef4
$ |S0Monitorx|
P 0x9f45fec
C 47
= 0x9f4634c
R
P 0x9f38ef4
S "S0Monitory"
C 27
R
P 0x9f38ef4
$ |S0Monitory|
P 0x9f45fec
C 47
= 0x9f46364
R
P 0x9f38ef4
S "temp_0"
C 27
R
P 0x9f38ef4
$ |temp_0|
P 0x9f45fec
C 47
= 0x9f4637c
R
P 0x9f38ef4
P 0x9f4bd34
U 1
P 0x9f4604c
p 1
C 46
= 0x9f47be4
R
P 0x9f38ef4
P 0x9f47be4
P 0x9f462ec
C 124
= 0x9f4bfe0
R
P 0x9f38ef4
P 0x9f4bda0
U 1
P 0x9f4604c
p 1
C 46
= 0x9f47d24
R
P 0x9f38ef4
P 0x9f46304
P 0x9f47d24
C 52
= 0x9f4c004
R
P 0x9f38ef4
C 51
= 0x9f4595c
R
P 0x9f38ef4
P 0x9f46304
P 0x9f4634c
P 0x9f4595c
C 125
= 0x9f49e74
R
P 0x9f38ef4
C 50
= 0x9f45944
R
P 0x9f38ef4
P 0x9f49e74
P 0x9f4637c
P 0x9f45944
C 125
= 0x9f49e9c
R
P 0x9f38ef4
P 0x9f46334
P 0x9f49e9c
C 52
= 0x9f4c028
R
P 0x9f38ef4
P 0x9f4631c
P 0x9f462ec
C 52
= 0x9f4c04c
R
P 0x9f38ef4
P 0x9f4bcc8
U 1
P 0x9f462ec
p 1
C 46
= 0x9f47e24
R
P 0x9f38ef4
P 0x9f4bcec
U 1
P 0x9f46364
p 1
C 46
= 0x9f47e44
R
P 0x9f38ef4
P 0x9f47e44
P 0x9f47e24
C 52
= 0x9f4c070
R
P 0x9f38ef4
P 0x9f4c070
C 54
= 0x9f47e64
R
P 0x9f38ef4
P 0x9f4bcc8
U 1
P 0x9f462ec
p 1
C 46
= 0x9f47e24
R
P 0x9f38ef4
P 0x9f4bcec
U 1
P 0x9f4634c
p 1
C 46
= 0x9f47e84
R
P 0x9f38ef4
P 0x9f47e84
P 0x9f47e24
C 52
= 0x9f4c094
R
P 0x9f38ef4
U 2
P 0x9f4c094
P 0x9f47e64
p 2
C 59
= 0x9f4c0b8
R
P 0x9f38ef4
U 2
P 0x9f4c0b8
P 0x9f4c04c
p 2
C 59
= 0x9f4c0dc
R
P 0x9f38ef4
U 2
P 0x9f4c0dc
P 0x9f4c028
p 2
C 59
= 0x9f4c100
R
P 0x9f38ef4
P 0x9f46304
P 0x9f4634c
C 124
= 0x9f4c124
R
P 0x9f38ef4
P 0x9f46304
P 0x9f46364
C 124
= 0x9f4c148
R
P 0x9f38ef4
P 0x9f4bcec
U 1
P 0x9f4634c
p 1
C 46
= 0x9f47e84
R
P 0x9f38ef4
P 0x9f4bcec
U 1
P 0x9f4637c
p 1
C 46
= 0x9f47ea4
R
P 0x9f38ef4
P 0x9f47ea4
P 0x9f47e84
C 52
= 0x9f4c16c
R
P 0x9f38ef4
C 30
= 0x9f4598c
R
P 0x9f38ef4
I 1
P 0x9f4598c
C 142
= 0x9f460c4
R
P 0x9f38ef4
P 0x9f4bd10
U 1
P 0x9f46364
p 1
C 46
= 0x9f47ec4
R
P 0x9f38ef4
U 2
P 0x9f47ec4
P 0x9f460c4
p 2
C 61
= 0x9f4c190
R
P 0x9f38ef4
P 0x9f4bd10
U 1
P 0x9f4637c
p 1
C 46
= 0x9f47ee4
R
P 0x9f38ef4
P 0x9f47ee4
P 0x9f4c190
C 52
= 0x9f4c1b4
R
P 0x9f38ef4
U 7
P 0x9f4bfe0
P 0x9f4c004
P 0x9f4c100
P 0x9f4c124
P 0x9f4c148
P 0x9f4c16c
P 0x9f4c1b4
p 7
C 59
= 0x9f8c814
R
P 0x9f38ef4
P 0x9f4bd34
U 1
P 0x9f4604c
p 1
C 46
= 0x9f47be4
R
P 0x9f38ef4
C 51
= 0x9f4595c
R
P 0x9f38ef4
P 0x9f47be4
P 0x9f462ec
P 0x9f4595c
C 125
= 0x9f49f14
R
P 0x9f38ef4
P 0x9f4bd34
U 1
P 0x9f46064
p 1
C 46
= 0x9f47f04
R
P 0x9f38ef4
P 0x9f47f04
P 0x9f49f14
C 52
= 0x9f4c1d8
R
P 0x9f38ef4
P 0x9f4bd58
U 1
P 0x9f4604c
p 1
C 46
= 0x9f47c04
R
P 0x9f38ef4
C 50
= 0x9f45944
R
P 0x9f38ef4
P 0x9f47c04
P 0x9f4631c
P 0x9f45944
C 125
= 0x9f49f3c
R
P 0x9f38ef4
P 0x9f4bd58
U 1
P 0x9f46064
p 1
C 46
= 0x9f47f24
R
P 0x9f38ef4
P 0x9f47f24
P 0x9f49f3c
C 52
= 0x9f4c1fc
R
P 0x9f38ef4
P 0x9f4bda0
U 1
P 0x9f46064
p 1
C 46
= 0x9f47f44
R
P 0x9f38ef4
P 0x9f47f44
P 0x9f46334
C 52
= 0x9f4c220
R
P 0x9f38ef4
P 0x9f4bd7c
U 1
P 0x9f4604c
p 1
C 46
= 0x9f47c24
R
P 0x9f38ef4
P 0x9f4bd7c
U 1
P 0x9f46064
p 1
C 46
= 0x9f47f64
R
P 0x9f38ef4
P 0x9f47f64
P 0x9f47c24
C 52
= 0x9f4c244
R
P 0x9f38ef4
U 4
P 0x9f4c1d8
P 0x9f4c1fc
P 0x9f4c220
P 0x9f4c244
p 4
C 59
= 0x9f50dd0
R
P 0x9f38ef4
P 0x9f4bd34
U 1
P 0x9f4604c
p 1
C 46
= 0x9f47be4
R
P 0x9f38ef4
P 0x9f4bd34
U 1
P 0x9f46064
p 1
C 46
= 0x9f47f04
R
P 0x9f38ef4
P 0x9f47f04
P 0x9f47be4
C 52
= 0x9f4c268
R
P 0x9f38ef4
P 0x9f4bd58
U 1
P 0x9f4604c
p 1
C 46
= 0x9f47c04
R
P 0x9f38ef4
P 0x9f4bd58
U 1
P 0x9f46064
p 1
C 46
= 0x9f47f24
R
P 0x9f38ef4
P 0x9f47f24
P 0x9f47c04
C 52
= 0x9f4c28c
R
P 0x9f38ef4
P 0x9f4bd7c
U 1
P 0x9f4604c
p 1
C 46
= 0x9f47c24
R
P 0x9f38ef4
P 0x9f4bd7c
U 1
P 0x9f46064
p 1
C 46
= 0x9f47f64
R
P 0x9f38ef4
P 0x9f47f64
P 0x9f47c24
C 52
= 0x9f4c244
R
P 0x9f38ef4
P 0x9f4bda0
U 1
P 0x9f4604c
p 1
C 46
= 0x9f47d24
R
P 0x9f38ef4
P 0x9f4bda0
U 1
P 0x9f46064
p 1
C 46
= 0x9f47f44
R
P 0x9f38ef4
P 0x9f47f44
P 0x9f47d24
C 52
= 0x9f4c2b0
R
P 0x9f38ef4
U 4
P 0x9f4c268
P 0x9f4c28c
P 0x9f4c244
P 0x9f4c2b0
p 4
C 59
= 0x9f50dfc
R
P 0x9f38ef4
P 0x9f8c814
P 0x9f50dd0
P 0x9f50dfc
C 55
= 0x9f49f64
R
P 0x9f38ef4
S "S0e1"
C 27
R
P 0x9f38ef4
$ |S0e1|
P 0x9f45fd4
C 47
= 0x9f46394
R
P 0x9f38ef4
C 29
= 0x9f458fc
R
P 0x9f38ef4
P 0x9f45fec
P 0x9f458fc
C 34
= 0x9f4601c
R
P 0x9f38ef4
S "S0M3"
C 27
R
P 0x9f38ef4
$ |S0M3|
P 0x9f4601c
C 47
= 0x9f463ac
R
P 0x9f38ef4
S "S0c1"
C 27
R
P 0x9f38ef4
$ |S0c1|
P 0x9f45fd4
C 47
= 0x9f463c4
R
P 0x9f38ef4
C 29
= 0x9f458fc
R
P 0x9f38ef4
P 0x9f45fec
P 0x9f458fc
C 34
= 0x9f4601c
R
P 0x9f38ef4
S "S0M4"
C 27
R
P 0x9f38ef4
$ |S0M4|
P 0x9f4601c
C 47
= 0x9f463dc
R
P 0x9f38ef4
S "S0Monitorx"
C 27
R
P 0x9f38ef4
$ |S0Monitorx|
P 0x9f45fec
C 47
= 0x9f4634c
R
P 0x9f38ef4
S "S0Monitory"
C 27
R
P 0x9f38ef4
$ |S0Monitory|
P 0x9f45fec
C 47
= 0x9f46364
R
P 0x9f38ef4
P 0x9f4bd58
U 1
P 0x9f4604c
p 1
C 46
= 0x9f47c04
R
P 0x9f38ef4
P 0x9f47c04
P 0x9f46394
C 124
= 0x9f4c2d4
R
P 0x9f38ef4
P 0x9f4bda0
U 1
P 0x9f4604c
p 1
C 46
= 0x9f47d24
R
P 0x9f38ef4
P 0x9f463ac
P 0x9f47d24
C 52
= 0x9f4c2f8
R
P 0x9f38ef4
P 0x9f463dc
P 0x9f463ac
C 52
= 0x9f4c31c
R
P 0x9f38ef4
P 0x9f463c4
P 0x9f46394
C 52
= 0x9f4c340
R
P 0x9f38ef4
P 0x9f4bd10
U 1
P 0x9f46364
p 1
C 46
= 0x9f47ec4
R
P 0x9f38ef4
P 0x9f4bd10
U 1
P 0x9f4634c
p 1
C 46
= 0x9f48004
R
P 0x9f38ef4
P 0x9f48004
P 0x9f47ec4
C 69
= 0x9f4c364
R
P 0x9f38ef4
P 0x9f4bcc8
U 1
P 0x9f46394
p 1
C 46
= 0x9f48024
R
P 0x9f38ef4
P 0x9f4bcec
U 1
P 0x9f46364
p 1
C 46
= 0x9f47e44
R
P 0x9f38ef4
P 0x9f47e44
P 0x9f48024
C 52
= 0x9f4c388
R
P 0x9f38ef4
P 0x9f4c388
C 54
= 0x9f48044
R
P 0x9f38ef4
P 0x9f4bcc8
U 1
P 0x9f46394
p 1
C 46
= 0x9f48024
R
P 0x9f38ef4
P 0x9f4bcec
U 1
P 0x9f4634c
p 1
C 46
= 0x9f47e84
R
P 0x9f38ef4
P 0x9f47e84
P 0x9f48024
C 52
= 0x9f4c3ac
R
P 0x9f38ef4
U 2
P 0x9f4c3ac
P 0x9f48044
p 2
C 59
= 0x9f4c3d0
R
P 0x9f38ef4
U 2
P 0x9f4c3d0
P 0x9f4c364
p 2
C 59
= 0x9f4c3f4
R
P 0x9f38ef4
U 2
P 0x9f4c3f4
P 0x9f4c340
p 2
C 59
= 0x9f4c418
R
P 0x9f38ef4
U 2
P 0x9f4c418
P 0x9f4c31c
p 2
C 59
= 0x9f4c43c
R
P 0x9f38ef4
P 0x9f463ac
P 0x9f4634c
C 124
= 0x9f4c460
R
P 0x9f38ef4
P 0x9f463ac
P 0x9f46364
C 124
= 0x9f4c484
R
P 0x9f38ef4
U 5
P 0x9f4c2d4
P 0x9f4c2f8
P 0x9f4c43c
P 0x9f4c460
P 0x9f4c484
p 5
C 59
= 0x9f58bbc
R
P 0x9f38ef4
P 0x9f4bd58
U 1
P 0x9f4604c
p 1
C 46
= 0x9f47c04
R
P 0x9f38ef4
C 51
= 0x9f4595c
R
P 0x9f38ef4
P 0x9f47c04
P 0x9f46394
P 0x9f4595c
C 125
= 0x9f49f8c
R
P 0x9f38ef4
P 0x9f4bd58
U 1
P 0x9f46064
p 1
C 46
= 0x9f47f24
R
P 0x9f38ef4
P 0x9f47f24
P 0x9f49f8c
C 52
= 0x9f4c4a8
R
P 0x9f38ef4
P 0x9f4bd7c
U 1
P 0x9f4604c
p 1
C 46
= 0x9f47c24
R
P 0x9f38ef4
C 50
= 0x9f45944
R
P 0x9f38ef4
P 0x9f47c24
P 0x9f463c4
P 0x9f45944
C 125
= 0x9f49fb4
R
P 0x9f38ef4
P 0x9f4bd7c
U 1
P 0x9f46064
p 1
C 46
= 0x9f47f64
R
P 0x9f38ef4
P 0x9f47f64
P 0x9f49fb4
C 52
= 0x9f4c4cc
R
P 0x9f38ef4
P 0x9f4bda0
U 1
P 0x9f46064
p 1
C 46
= 0x9f47f44
R
P 0x9f38ef4
P 0x9f47f44
P 0x9f463dc
C 52
= 0x9f4c4f0
R
P 0x9f38ef4
P 0x9f4bd34
U 1
P 0x9f4604c
p 1
C 46
= 0x9f47be4
R
P 0x9f38ef4
P 0x9f4bd34
U 1
P 0x9f46064
p 1
C 46
= 0x9f47f04
R
P 0x9f38ef4
P 0x9f47f04
P 0x9f47be4
C 52
= 0x9f4c268
R
P 0x9f38ef4
U 4
P 0x9f4c4a8
P 0x9f4c4cc
P 0x9f4c4f0
P 0x9f4c268
p 4
C 59
= 0x9f50e54
R
P 0x9f38ef4
P 0x9f4bd34
U 1
P 0x9f4604c
p 1
C 46
= 0x9f47be4
R
P 0x9f38ef4
P 0x9f4bd34
U 1
P 0x9f46064
p 1
C 46
= 0x9f47f04
R
P 0x9f38ef4
P 0x9f47f04
P 0x9f47be4
C 52
= 0x9f4c268
R
P 0x9f38ef4
P 0x9f4bd58
U 1
P 0x9f4604c
p 1
C 46
= 0x9f47c04
R
P 0x9f38ef4
P 0x9f4bd58
U 1
P 0x9f46064
p 1
C 46
= 0x9f47f24
R
P 0x9f38ef4
P 0x9f47f24
P 0x9f47c04
C 52
= 0x9f4c28c
R
P 0x9f38ef4
P 0x9f4bd7c
U 1
P 0x9f4604c
p 1
C 46
= 0x9f47c24
R
P 0x9f38ef4
P 0x9f4bd7c
U 1
P 0x9f46064
p 1
C 46
= 0x9f47f64
R
P 0x9f38ef4
P 0x9f47f64
P 0x9f47c24
C 52
= 0x9f4c244
R
P 0x9f38ef4
P 0x9f4bda0
U 1
P 0x9f4604c
p 1
C 46
= 0x9f47d24
R
P 0x9f38ef4
P 0x9f4bda0
U 1
P 0x9f46064
p 1
C 46
= 0x9f47f44
R
P 0x9f38ef4
P 0x9f47f44
P 0x9f47d24
C 52
= 0x9f4c2b0
R
P 0x9f38ef4
U 4
P 0x9f4c268
P 0x9f4c28c
P 0x9f4c244
P 0x9f4c2b0
p 4
C 59
= 0x9f50dfc
R
P 0x9f38ef4
P 0x9f58bbc
P 0x9f50e54
P 0x9f50dfc
C 55
= 0x9f49fdc
R
P 0x9f38ef4
S "S0e2"
C 27
R
P 0x9f38ef4
$ |S0e2|
P 0x9f45fd4
C 47
= 0x9f463f4
R
P 0x9f38ef4
C 29
= 0x9f458fc
R
P 0x9f38ef4
P 0x9f45fec
P 0x9f458fc
C 34
= 0x9f4601c
R
P 0x9f38ef4
S "S0M5"
C 27
R
P 0x9f38ef4
$ |S0M5|
P 0x9f4601c
C 47
= 0x9f4640c
R
P 0x9f38ef4
S "S0c2"
C 27
R
P 0x9f38ef4
$ |S0c2|
P 0x9f45fd4
C 47
= 0x9f46424
R
P 0x9f38ef4
C 29
= 0x9f458fc
R
P 0x9f38ef4
P 0x9f45fec
P 0x9f458fc
C 34
= 0x9f4601c
R
P 0x9f38ef4
S "S0M6"
C 27
R
P 0x9f38ef4
$ |S0M6|
P 0x9f4601c
C 47
= 0x9f4643c
R
P 0x9f38ef4
S "S0Monitorx"
C 27
R
P 0x9f38ef4
$ |S0Monitorx|
P 0x9f45fec
C 47
= 0x9f4634c
R
P 0x9f38ef4
S "S0Monitory"
C 27
R
P 0x9f38ef4
$ |S0Monitory|
P 0x9f45fec
C 47
= 0x9f46364
R
P 0x9f38ef4
P 0x9f4bd58
U 1
P 0x9f4604c
p 1
C 46
= 0x9f47c04
R
P 0x9f38ef4
P 0x9f47c04
P 0x9f463f4
C 124
= 0x9f4c514
R
P 0x9f38ef4
P 0x9f4bda0
U 1
P 0x9f4604c
p 1
C 46
= 0x9f47d24
R
P 0x9f38ef4
P 0x9f4640c
P 0x9f47d24
C 52
= 0x9f4c538
R
P 0x9f38ef4
P 0x9f4643c
P 0x9f4640c
C 52
= 0x9f4c55c
R
P 0x9f38ef4
P 0x9f46424
P 0x9f463f4
C 52
= 0x9f4c580
R
P 0x9f38ef4
C 30
= 0x9f4598c
R
P 0x9f38ef4
I 0
P 0x9f4598c
C 142
= 0x9f460f4
R
P 0x9f38ef4
P 0x9f4bd10
U 1
P 0x9f46364
p 1
C 46
= 0x9f47ec4
R
P 0x9f38ef4
P 0x9f47ec4
P 0x9f460f4
C 52
= 0x9f4c5a4
R
P 0x9f38ef4
P 0x9f4bcc8
U 1
P 0x9f463f4
p 1
C 46
= 0x9f480e4
R
P 0x9f38ef4
P 0x9f4bcec
U 1
P 0x9f46364
p 1
C 46
= 0x9f47e44
R
P 0x9f38ef4
P 0x9f47e44
P 0x9f480e4
C 52
= 0x9f4c5c8
R
P 0x9f38ef4
P 0x9f4c5c8
C 54
= 0x9f48104
R
P 0x9f38ef4
P 0x9f4bcc8
U 1
P 0x9f463f4
p 1
C 46
= 0x9f480e4
R
P 0x9f38ef4
P 0x9f4bcec
U 1
P 0x9f4634c
p 1
C 46
= 0x9f47e84
R
P 0x9f38ef4
P 0x9f47e84
P 0x9f480e4
C 52
= 0x9f4c5ec
R
P 0x9f38ef4
U 2
P 0x9f4c5ec
P 0x9f48104
p 2
C 59
= 0x9f4c610
R
P 0x9f38ef4
U 2
P 0x9f4c610
P 0x9f4c5a4
p 2
C 59
= 0x9f4c634
R
P 0x9f38ef4
U 2
P 0x9f4c634
P 0x9f4c580
p 2
C 59
= 0x9f4c658
R
P 0x9f38ef4
U 2
P 0x9f4c658
P 0x9f4c55c
p 2
C 59
= 0x9f4c67c
R
P 0x9f38ef4
P 0x9f4640c
P 0x9f4634c
C 124
= 0x9f4c6a0
R
P 0x9f38ef4
P 0x9f4640c
P 0x9f46364
C 124
= 0x9f4c6c4
R
P 0x9f38ef4
U 5
P 0x9f4c514
P 0x9f4c538
P 0x9f4c67c
P 0x9f4c6a0
P 0x9f4c6c4
p 5
C 59
= 0x9f58bec
R
P 0x9f38ef4
P 0x9f4bd58
U 1
P 0x9f4604c
p 1
C 46
= 0x9f47c04
R
P 0x9f38ef4
C 51
= 0x9f4595c
R
P 0x9f38ef4
P 0x9f47c04
P 0x9f463f4
P 0x9f4595c
C 125
= 0x9f4a004
R
P 0x9f38ef4
P 0x9f4bd58
U 1
P 0x9f46064
p 1
C 46
= 0x9f47f24
R
P 0x9f38ef4
P 0x9f47f24
P 0x9f4a004
C 52
= 0x9f4c6e8
R
P 0x9f38ef4
P 0x9f4bd7c
U 1
P 0x9f4604c
p 1
C 46
= 0x9f47c24
R
P 0x9f38ef4
C 50
= 0x9f45944
R
P 0x9f38ef4
P 0x9f47c24
P 0x9f46424
P 0x9f45944
C 125
= 0x9f4a02c
R
P 0x9f38ef4
P 0x9f4bd7c
U 1
P 0x9f46064
p 1
C 46
= 0x9f47f64
R
P 0x9f38ef4
P 0x9f47f64
P 0x9f4a02c
C 52
= 0x9f4c70c
R
P 0x9f38ef4
P 0x9f4bda0
U 1
P 0x9f46064
p 1
C 46
= 0x9f47f44
R
P 0x9f38ef4
P 0x9f47f44
P 0x9f4643c
C 52
= 0x9f4c730
R
P 0x9f38ef4
P 0x9f4bd34
U 1
P 0x9f4604c
p 1
C 46
= 0x9f47be4
R
P 0x9f38ef4
P 0x9f4bd34
U 1
P 0x9f46064
p 1
C 46
= 0x9f47f04
R
P 0x9f38ef4
P 0x9f47f04
P 0x9f47be4
C 52
= 0x9f4c268
R
P 0x9f38ef4
U 4
P 0x9f4c6e8
P 0x9f4c70c
P 0x9f4c730
P 0x9f4c268
p 4
C 59
= 0x9f50e80
R
P 0x9f38ef4
P 0x9f4bd34
U 1
P 0x9f4604c
p 1
C 46
= 0x9f47be4
R
P 0x9f38ef4
P 0x9f4bd34
U 1
P 0x9f46064
p 1
C 46
= 0x9f47f04
R
P 0x9f38ef4
P 0x9f47f04
P 0x9f47be4
C 52
= 0x9f4c268
R
P 0x9f38ef4
P 0x9f4bd58
U 1
P 0x9f4604c
p 1
C 46
= 0x9f47c04
R
P 0x9f38ef4
P 0x9f4bd58
U 1
P 0x9f46064
p 1
C 46
= 0x9f47f24
R
P 0x9f38ef4
P 0x9f47f24
P 0x9f47c04
C 52
= 0x9f4c28c
R
P 0x9f38ef4
P 0x9f4bd7c
U 1
P 0x9f4604c
p 1
C 46
= 0x9f47c24
R
P 0x9f38ef4
P 0x9f4bd7c
U 1
P 0x9f46064
p 1
C 46
= 0x9f47f64
R
P 0x9f38ef4
P 0x9f47f64
P 0x9f47c24
C 52
= 0x9f4c244
R
P 0x9f38ef4
P 0x9f4bda0
U 1
P 0x9f4604c
p 1
C 46
= 0x9f47d24
R
P 0x9f38ef4
P 0x9f4bda0
U 1
P 0x9f46064
p 1
C 46
= 0x9f47f44
R
P 0x9f38ef4
P 0x9f47f44
P 0x9f47d24
C 52
= 0x9f4c2b0
R
P 0x9f38ef4
U 4
P 0x9f4c268
P 0x9f4c28c
P 0x9f4c244
P 0x9f4c2b0
p 4
C 59
= 0x9f50dfc
R
P 0x9f38ef4
P 0x9f58bec
P 0x9f50e80
P 0x9f50dfc
C 55
= 0x9f4a054
R
P 0x9f38ef4
S "S0co"
C 27
R
P 0x9f38ef4
$ |S0co|
P 0x9f45fd4
C 47
= 0x9f46454
R
P 0x9f38ef4
C 29
= 0x9f458fc
R
P 0x9f38ef4
P 0x9f45fec
P 0x9f458fc
C 34
= 0x9f4601c
R
P 0x9f38ef4
S "S0M7"
C 27
R
P 0x9f38ef4
$ |S0M7|
P 0x9f4601c
C 47
= 0x9f4646c
R
P 0x9f38ef4
S "S0i"
C 27
R
P 0x9f38ef4
$ |S0i|
P 0x9f45fd4
C 47
= 0x9f46484
R
P 0x9f38ef4
C 29
= 0x9f458fc
R
P 0x9f38ef4
P 0x9f45fec
P 0x9f458fc
C 34
= 0x9f4601c
R
P 0x9f38ef4
S "S0M8"
C 27
R
P 0x9f38ef4
$ |S0M8|
P 0x9f4601c
C 47
= 0x9f4649c
R
P 0x9f38ef4
S "S0Monitorx"
C 27
R
P 0x9f38ef4
$ |S0Monitorx|
P 0x9f45fec
C 47
= 0x9f4634c
R
P 0x9f38ef4
S "temp_1"
C 27
R
P 0x9f38ef4
$ |temp_1|
P 0x9f45fec
C 47
= 0x9f464b4
R
P 0x9f38ef4
P 0x9f4bd7c
U 1
P 0x9f4604c
p 1
C 46
= 0x9f47c24
R
P 0x9f38ef4
P 0x9f47c24
P 0x9f46454
C 124
= 0x9f4c754
R
P 0x9f38ef4
P 0x9f4bda0
U 1
P 0x9f4604c
p 1
C 46
= 0x9f47d24
R
P 0x9f38ef4
P 0x9f4646c
P 0x9f47d24
C 52
= 0x9f4c778
R
P 0x9f38ef4
C 51
= 0x9f4595c
R
P 0x9f38ef4
P 0x9f4646c
P 0x9f4634c
P 0x9f4595c
C 125
= 0x9f4a07c
R
P 0x9f38ef4
C 50
= 0x9f45944
R
P 0x9f38ef4
P 0x9f4a07c
P 0x9f464b4
P 0x9f45944
C 125
= 0x9f4a0a4
R
P 0x9f38ef4
P 0x9f4649c
P 0x9f4a0a4
C 52
= 0x9f4c79c
R
P 0x9f38ef4
P 0x9f46484
P 0x9f46454
C 52
= 0x9f4c7c0
R
P 0x9f38ef4
P 0x9f4bcc8
U 1
P 0x9f46454
p 1
C 46
= 0x9f481c4
R
P 0x9f38ef4
P 0x9f4bcec
U 1
P 0x9f4634c
p 1
C 46
= 0x9f47e84
R
P 0x9f38ef4
P 0x9f47e84
P 0x9f481c4
C 52
= 0x9f4c7e4
R
P 0x9f38ef4
U 2
P 0x9f4c7e4
P 0x9f4c7c0
p 2
C 59
= 0x9f4c808
R
P 0x9f38ef4
U 2
P 0x9f4c808
P 0x9f4c79c
p 2
C 59
= 0x9f4c82c
R
P 0x9f38ef4
P 0x9f4646c
P 0x9f4634c
C 124
= 0x9f4c850
R
P 0x9f38ef4
P 0x9f4bcec
U 1
P 0x9f4634c
p 1
C 46
= 0x9f47e84
R
P 0x9f38ef4
P 0x9f4bcec
U 1
P 0x9f464b4
p 1
C 46
= 0x9f481e4
R
P 0x9f38ef4
P 0x9f481e4
P 0x9f47e84
C 52
= 0x9f4c874
R
P 0x9f38ef4
C 30
= 0x9f4598c
R
P 0x9f38ef4
I 0
P 0x9f4598c
C 142
= 0x9f460f4
R
P 0x9f38ef4
P 0x9f4bd10
U 1
P 0x9f464b4
p 1
C 46
= 0x9f48204
R
P 0x9f38ef4
P 0x9f48204
P 0x9f460f4
C 52
= 0x9f4c898
R
P 0x9f38ef4
U 6
P 0x9f4c754
P 0x9f4c778
P 0x9f4c82c
P 0x9f4c850
P 0x9f4c874
P 0x9f4c898
p 6
C 59
= 0x9f9187c
R
P 0x9f38ef4
P 0x9f4bd7c
U 1
P 0x9f4604c
p 1
C 46
= 0x9f47c24
R
P 0x9f38ef4
C 51
= 0x9f4595c
R
P 0x9f38ef4
P 0x9f47c24
P 0x9f46454
P 0x9f4595c
C 125
= 0x9f4a0cc
R
P 0x9f38ef4
P 0x9f4bd7c
U 1
P 0x9f46064
p 1
C 46
= 0x9f47f64
R
P 0x9f38ef4
P 0x9f47f64
P 0x9f4a0cc
C 52
= 0x9f4c8bc
R
P 0x9f38ef4
P 0x9f4bd34
U 1
P 0x9f4604c
p 1
C 46
= 0x9f47be4
R
P 0x9f38ef4
C 50
= 0x9f45944
R
P 0x9f38ef4
P 0x9f47be4
P 0x9f46484
P 0x9f45944
C 125
= 0x9f4a0f4
R
P 0x9f38ef4
P 0x9f4bd34
U 1
P 0x9f46064
p 1
C 46
= 0x9f47f04
R
P 0x9f38ef4
P 0x9f47f04
P 0x9f4a0f4
C 52
= 0x9f4c8e0
R
P 0x9f38ef4
P 0x9f4bda0
U 1
P 0x9f46064
p 1
C 46
= 0x9f47f44
R
P 0x9f38ef4
P 0x9f47f44
P 0x9f4649c
C 52
= 0x9f4c904
R
P 0x9f38ef4
P 0x9f4bd58
U 1
P 0x9f4604c
p 1
C 46
= 0x9f47c04
R
P 0x9f38ef4
P 0x9f4bd58
U 1
P 0x9f46064
p 1
C 46
= 0x9f47f24
R
P 0x9f38ef4
P 0x9f47f24
P 0x9f47c04
C 52
= 0x9f4c28c
R
P 0x9f38ef4
U 4
P 0x9f4c8bc
P 0x9f4c8e0
P 0x9f4c904
P 0x9f4c28c
p 4
C 59
= 0x9f50eac
R
P 0x9f38ef4
P 0x9f4bd34
U 1
P 0x9f4604c
p 1
C 46
= 0x9f47be4
R
P 0x9f38ef4
P 0x9f4bd34
U 1
P 0x9f46064
p 1
C 46
= 0x9f47f04
R
P 0x9f38ef4
P 0x9f47f04
P 0x9f47be4
C 52
= 0x9f4c268
R
P 0x9f38ef4
P 0x9f4bd58
U 1
P 0x9f4604c
p 1
C 46
= 0x9f47c04
R
P 0x9f38ef4
P 0x9f4bd58
U 1
P 0x9f46064
p 1
C 46
= 0x9f47f24
R
P 0x9f38ef4
P 0x9f47f24
P 0x9f47c04
C 52
= 0x9f4c28c
R
P 0x9f38ef4
P 0x9f4bd7c
U 1
P 0x9f4604c
p 1
C 46
= 0x9f47c24
R
P 0x9f38ef4
P 0x9f4bd7c
U 1
P 0x9f46064
p 1
C 46
= 0x9f47f64
R
P 0x9f38ef4
P 0x9f47f64
P 0x9f47c24
C 52
= 0x9f4c244
R
P 0x9f38ef4
P 0x9f4bda0
U 1
P 0x9f4604c
p 1
C 46
= 0x9f47d24
R
P 0x9f38ef4
P 0x9f4bda0
U 1
P 0x9f46064
p 1
C 46
= 0x9f47f44
R
P 0x9f38ef4
P 0x9f47f44
P 0x9f47d24
C 52
= 0x9f4c2b0
R
P 0x9f38ef4
U 4
P 0x9f4c268
P 0x9f4c28c
P 0x9f4c244
P 0x9f4c2b0
p 4
C 59
= 0x9f50dfc
R
P 0x9f38ef4
P 0x9f9187c
P 0x9f50eac
P 0x9f50dfc
C 55
= 0x9f4a11c
R
P 0x9f38ef4
P 0x9f4bd34
U 1
P 0x9f4604c
p 1
C 46
= 0x9f47be4
R
P 0x9f38ef4
P 0x9f4bd34
U 1
P 0x9f46064
p 1
C 46
= 0x9f47f04
R
P 0x9f38ef4
P 0x9f47f04
P 0x9f47be4
C 52
= 0x9f4c268
R
P 0x9f38ef4
P 0x9f4bd58
U 1
P 0x9f4604c
p 1
C 46
= 0x9f47c04
R
P 0x9f38ef4
P 0x9f4bd58
U 1
P 0x9f46064
p 1
C 46
= 0x9f47f24
R
P 0x9f38ef4
P 0x9f47f24
P 0x9f47c04
C 52
= 0x9f4c28c
R
P 0x9f38ef4
P 0x9f4bd7c
U 1
P 0x9f4604c
p 1
C 46
= 0x9f47c24
R
P 0x9f38ef4
P 0x9f4bd7c
U 1
P 0x9f46064
p 1
C 46
= 0x9f47f64
R
P 0x9f38ef4
P 0x9f47f64
P 0x9f47c24
C 52
= 0x9f4c244
R
P 0x9f38ef4
P 0x9f4bda0
U 1
P 0x9f4604c
p 1
C 46
= 0x9f47d24
R
P 0x9f38ef4
P 0x9f4bda0
U 1
P 0x9f46064
p 1
C 46
= 0x9f47f44
R
P 0x9f38ef4
P 0x9f47f44
P 0x9f47d24
C 52
= 0x9f4c2b0
R
P 0x9f38ef4
U 4
P 0x9f4c268
P 0x9f4c28c
P 0x9f4c244
P 0x9f4c2b0
p 4
C 59
= 0x9f50dfc
R
P 0x9f38ef4
C 50
= 0x9f45944
R
P 0x9f38ef4
P 0x9f45944
P 0x9f50dfc
C 57
= 0x9f4c928
R
P 0x9f38ef4
U 5
P 0x9f49f64
P 0x9f49fdc
P 0x9f4a054
P 0x9f4a11c
P 0x9f4c928
p 5
C 60
= 0x9f58c1c
R
P 0x9f38ef4
S "S1gt"
C 27
R
P 0x9f38ef4
$ |S1gt|
P 0x9f45fd4
C 47
= 0x9f464cc
R
P 0x9f38ef4
C 29
= 0x9f458fc
R
P 0x9f38ef4
P 0x9f45fec
P 0x9f458fc
C 34
= 0x9f4601c
R
P 0x9f38ef4
S "S1M1"
C 27
R
P 0x9f38ef4
$ |S1M1|
P 0x9f4601c
C 47
= 0x9f464e4
R
P 0x9f38ef4
S "S1ot"
C 27
R
P 0x9f38ef4
$ |S1ot|
P 0x9f45fd4
C 47
= 0x9f464fc
R
P 0x9f38ef4
C 29
= 0x9f458fc
R
P 0x9f38ef4
P 0x9f45fec
P 0x9f458fc
C 34
= 0x9f4601c
R
P 0x9f38ef4
S "S1M2"
C 27
R
P 0x9f38ef4
$ |S1M2|
P 0x9f4601c
C 47
= 0x9f46514
R
P 0x9f38ef4
S "S1Monitorx"
C 27
R
P 0x9f38ef4
$ |S1Monitorx|
P 0x9f45fec
C 47
= 0x9f4652c
R
P 0x9f38ef4
S "S1Monitory"
C 27
R
P 0x9f38ef4
$ |S1Monitory|
P 0x9f45fec
C 47
= 0x9f46544
R
P 0x9f38ef4
S "temp_2"
C 27
R
P 0x9f38ef4
$ |temp_2|
P 0x9f45fec
C 47
= 0x9f4655c
R
P 0x9f38ef4
P 0x9f4bd34
U 1
P 0x9f46064
p 1
C 46
= 0x9f47f04
R
P 0x9f38ef4
P 0x9f47f04
P 0x9f464cc
C 124
= 0x9f4c94c
R
P 0x9f38ef4
P 0x9f4bda0
U 1
P 0x9f46064
p 1
C 46
= 0x9f47f44
R
P 0x9f38ef4
P 0x9f464e4
P 0x9f47f44
C 52
= 0x9f4c970
R
P 0x9f38ef4
C 51
= 0x9f4595c
R
P 0x9f38ef4
P 0x9f464e4
P 0x9f4652c
P 0x9f4595c
C 125
= 0x9f4a144
R
P 0x9f38ef4
C 50
= 0x9f45944
R
P 0x9f38ef4
P 0x9f4a144
P 0x9f4655c
P 0x9f45944
C 125
= 0x9f4a16c
R
P 0x9f38ef4
P 0x9f46514
P 0x9f4a16c
C 52
= 0x9f4c994
R
P 0x9f38ef4
P 0x9f464fc
P 0x9f464cc
C 52
= 0x9f4c9b8
R
P 0x9f38ef4
P 0x9f4bcc8
U 1
P 0x9f464cc
p 1
C 46
= 0x9f48304
R
P 0x9f38ef4
P 0x9f4bcec
U 1
P 0x9f46544
p 1
C 46
= 0x9f48324
R
P 0x9f38ef4
P 0x9f48324
P 0x9f48304
C 52
= 0x9f4c9dc
R
P 0x9f38ef4
P 0x9f4c9dc
C 54
= 0x9f48344
R
P 0x9f38ef4
P 0x9f4bcc8
U 1
P 0x9f464cc
p 1
C 46
= 0x9f48304
R
P 0x9f38ef4
P 0x9f4bcec
U 1
P 0x9f4652c
p 1
C 46
= 0x9f48364
R
P 0x9f38ef4
P 0x9f48364
P 0x9f48304
C 52
= 0x9f4ca00
R
P 0x9f38ef4
U 2
P 0x9f4ca00
P 0x9f48344
p 2
C 59
= 0x9f4ca24
R
P 0x9f38ef4
U 2
P 0x9f4ca24
P 0x9f4c9b8
p 2
C 59
= 0x9f4ca48
R
P 0x9f38ef4
U 2
P 0x9f4ca48
P 0x9f4c994
p 2
C 59
= 0x9f4ca6c
R
P 0x9f38ef4
P 0x9f464e4
P 0x9f4652c
C 124
= 0x9f4ca90
R
P 0x9f38ef4
P 0x9f464e4
P 0x9f46544
C 124
= 0x9f4cab4
R
P 0x9f38ef4
P 0x9f4bcec
U 1
P 0x9f4652c
p 1
C 46
= 0x9f48364
R
P 0x9f38ef4
P 0x9f4bcec
U 1
P 0x9f4655c
p 1
C 46
= 0x9f48384
R
P 0x9f38ef4
P 0x9f48384
P 0x9f48364
C 52
= 0x9f4cad8
R
P 0x9f38ef4
C 30
= 0x9f4598c
R
P 0x9f38ef4
I 1
P 0x9f4598c
C 142
= 0x9f460c4
R
P 0x9f38ef4
P 0x9f4bd10
U 1
P 0x9f46544
p 1
C 46
= 0x9f483a4
R
P 0x9f38ef4
U 2
P 0x9f483a4
P 0x9f460c4
p 2
C 61
= 0x9f4cafc
R
P 0x9f38ef4
P 0x9f4bd10
U 1
P 0x9f4655c
p 1
C 46
= 0x9f483c4
R
P 0x9f38ef4
P 0x9f483c4
P 0x9f4cafc
C 52
= 0x9f4cb20
R
P 0x9f38ef4
U 7
P 0x9f4c94c
P 0x9f4c970
P 0x9f4ca6c
P 0x9f4ca90
P 0x9f4cab4
P 0x9f4cad8
P 0x9f4cb20
p 7
C 59
= 0x9f8c84c
R
P 0x9f38ef4
P 0x9f4bd34
U 1
P 0x9f46064
p 1
C 46
= 0x9f47f04
R
P 0x9f38ef4
C 51
= 0x9f4595c
R
P 0x9f38ef4
P 0x9f47f04
P 0x9f464cc
P 0x9f4595c
C 125
= 0x9f4a194
R
P 0x9f38ef4
P 0x9f4bd34
U 1
P 0x9f4607c
p 1
C 46
= 0x9f483e4
R
P 0x9f38ef4
P 0x9f483e4
P 0x9f4a194
C 52
= 0x9f4cb44
R
P 0x9f38ef4
P 0x9f4bd58
U 1
P 0x9f46064
p 1
C 46
= 0x9f47f24
R
P 0x9f38ef4
C 50
= 0x9f45944
R
P 0x9f38ef4
P 0x9f47f24
P 0x9f464fc
P 0x9f45944
C 125
= 0x9f4a1bc
R
P 0x9f38ef4
P 0x9f4bd58
U 1
P 0x9f4607c
p 1
C 46
= 0x9f48404
R
P 0x9f38ef4
P 0x9f48404
P 0x9f4a1bc
C 52
= 0x9f4cb68
R
P 0x9f38ef4
P 0x9f4bda0
U 1
P 0x9f4607c
p 1
C 46
= 0x9f48424
R
P 0x9f38ef4
P 0x9f48424
P 0x9f46514
C 52
= 0x9f4cb8c
R
P 0x9f38ef4
P 0x9f4bd7c
U 1
P 0x9f46064
p 1
C 46
= 0x9f47f64
R
P 0x9f38ef4
P 0x9f4bd7c
U 1
P 0x9f4607c
p 1
C 46
= 0x9f48444
R
P 0x9f38ef4
P 0x9f48444
P 0x9f47f64
C 52
= 0x9f4cbb0
R
P 0x9f38ef4
U 4
P 0x9f4cb44
P 0x9f4cb68
P 0x9f4cb8c
P 0x9f4cbb0
p 4
C 59
= 0x9f50ed8
R
P 0x9f38ef4
P 0x9f4bd34
U 1
P 0x9f46064
p 1
C 46
= 0x9f47f04
R
P 0x9f38ef4
P 0x9f4bd34
U 1
P 0x9f4607c
p 1
C 46
= 0x9f483e4
R
P 0x9f38ef4
P 0x9f483e4
P 0x9f47f04
C 52
= 0x9f4cbd4
R
P 0x9f38ef4
P 0x9f4bd58
U 1
P 0x9f46064
p 1
C 46
= 0x9f47f24
R
P 0x9f38ef4
P 0x9f4bd58
U 1
P 0x9f4607c
p 1
C 46
= 0x9f48404
R
P 0x9f38ef4
P 0x9f48404
P 0x9f47f24
C 52
= 0x9f4cbf8
R
P 0x9f38ef4
P 0x9f4bd7c
U 1
P 0x9f46064
p 1
C 46
= 0x9f47f64
R
P 0x9f38ef4
P 0x9f4bd7c
U 1
P 0x9f4607c
p 1
C 46
= 0x9f48444
R
P 0x9f38ef4
P 0x9f48444
P 0x9f47f64
C 52
= 0x9f4cbb0
R
P 0x9f38ef4
P 0x9f4bda0
U 1
P 0x9f46064
p 1
C 46
= 0x9f47f44
R
P 0x9f38ef4
P 0x9f4bda0
U 1
P 0x9f4607c
p 1
C 46
= 0x9f48424
R
P 0x9f38ef4
P 0x9f48424
P 0x9f47f44
C 52
= 0x9f4cc1c
R
P 0x9f38ef4
U 4
P 0x9f4cbd4
P 0x9f4cbf8
P 0x9f4cbb0
P 0x9f4cc1c
p 4
C 59
= 0x9f50f04
R
P 0x9f38ef4
P 0x9f8c84c
P 0x9f50ed8
P 0x9f50f04
C 55
= 0x9f4a1e4
R
P 0x9f38ef4
S "S1e1"
C 27
R
P 0x9f38ef4
$ |S1e1|
P 0x9f45fd4
C 47
= 0x9f46574
R
P 0x9f38ef4
C 29
= 0x9f458fc
R
P 0x9f38ef4
P 0x9f45fec
P 0x9f458fc
C 34
= 0x9f4601c
R
P 0x9f38ef4
S "S1M3"
C 27
R
P 0x9f38ef4
$ |S1M3|
P 0x9f4601c
C 47
= 0x9f4658c
R
P 0x9f38ef4
S "S1c1"
C 27
R
P 0x9f38ef4
$ |S1c1|
P 0x9f45fd4
C 47
= 0x9f465a4
R
P 0x9f38ef4
C 29
= 0x9f458fc
R
P 0x9f38ef4
P 0x9f45fec
P 0x9f458fc
C 34
= 0x9f4601c
R
P 0x9f38ef4
S "S1M4"
C 27
R
P 0x9f38ef4
$ |S1M4|
P 0x9f4601c
C 47
= 0x9f465bc
R
P 0x9f38ef4
S "S1Monitorx"
C 27
R
P 0x9f38ef4
$ |S1Monitorx|
P 0x9f45fec
C 47
= 0x9f4652c
R
P 0x9f38ef4
S "S1Monitory"
C 27
R
P 0x9f38ef4
$ |S1Monitory|
P 0x9f45fec
C 47
= 0x9f46544
R
P 0x9f38ef4
P 0x9f4bd58
U 1
P 0x9f46064
p 1
C 46
= 0x9f47f24
R
P 0x9f38ef4
P 0x9f47f24
P 0x9f46574
C 124
= 0x9f4cc40
R
P 0x9f38ef4
P 0x9f4bda0
U 1
P 0x9f46064
p 1
C 46
= 0x9f47f44
R
P 0x9f38ef4
P 0x9f4658c
P 0x9f47f44
C 52
= 0x9f4cc64
R
P 0x9f38ef4
P 0x9f465bc
P 0x9f4658c
C 52
= 0x9f4cc88
R
P 0x9f38ef4
P 0x9f465a4
P 0x9f46574
C 52
= 0x9f4ccac
R
P 0x9f38ef4
P 0x9f4bd10
U 1
P 0x9f46544
p 1
C 46
= 0x9f483a4
R
P 0x9f38ef4
P 0x9f4bd10
U 1
P 0x9f4652c
p 1
C 46
= 0x9f484e4
R
P 0x9f38ef4
P 0x9f484e4
P 0x9f483a4
C 69
= 0x9f4ccd0
R
P 0x9f38ef4
P 0x9f4bcc8
U 1
P 0x9f46574
p 1
C 46
= 0x9f48504
R
P 0x9f38ef4
P 0x9f4bcec
U 1
P 0x9f46544
p 1
C 46
= 0x9f48324
R
P 0x9f38ef4
P 0x9f48324
P 0x9f48504
C 52
= 0x9f4ccf4
R
P 0x9f38ef4
P 0x9f4ccf4
C 54
= 0x9f48524
R
P 0x9f38ef4
P 0x9f4bcc8
U 1
P 0x9f46574
p 1
C 46
= 0x9f48504
R
P 0x9f38ef4
P 0x9f4bcec
U 1
P 0x9f4652c
p 1
C 46
= 0x9f48364
R
P 0x9f38ef4
P 0x9f48364
P 0x9f48504
C 52
= 0x9f4cd18
R
P 0x9f38ef4
U 2
P 0x9f4cd18
P 0x9f48524
p 2
C 59
= 0x9f4cd3c
R
P 0x9f38ef4
U 2
P 0x9f4cd3c
P 0x9f4ccd0
p 2
C 59
= 0x9f4cd60
R
P 0x9f38ef4
U 2
P 0x9f4cd60
P 0x9f4ccac
p 2
C 59
= 0x9f4cd84
R
P 0x9f38ef4
U 2
P 0x9f4cd84
P 0x9f4cc88
p 2
C 59
= 0x9f4cda8
R
P 0x9f38ef4
P 0x9f4658c
P 0x9f4652c
C 124
= 0x9f4cdcc
R
P 0x9f38ef4
P 0x9f4658c
P 0x9f46544
C 124
= 0x9f4cdf0
R
P 0x9f38ef4
U 5
P 0x9f4cc40
P 0x9f4cc64
P 0x9f4cda8
P 0x9f4cdcc
P 0x9f4cdf0
p 5
C 59
= 0x9f58c4c
R
P 0x9f38ef4
P 0x9f4bd58
U 1
P 0x9f46064
p 1
C 46
= 0x9f47f24
R
P 0x9f38ef4
C 51
= 0x9f4595c
R
P 0x9f38ef4
P 0x9f47f24
P 0x9f46574
P 0x9f4595c
C 125
= 0x9f4a20c
R
P 0x9f38ef4
P 0x9f4bd58
U 1
P 0x9f4607c
p 1
C 46
= 0x9f48404
R
P 0x9f38ef4
P 0x9f48404
P 0x9f4a20c
C 52
= 0x9f4ce14
R
P 0x9f38ef4
P 0x9f4bd7c
U 1
P 0x9f46064
p 1
C 46
= 0x9f47f64
R
P 0x9f38ef4
C 50
= 0x9f45944
R
P 0x9f38ef4
P 0x9f47f64
P 0x9f465a4
P 0x9f45944
C 125
= 0x9f4a234
R
P 0x9f38ef4
P 0x9f4bd7c
U 1
P 0x9f4607c
p 1
C 46
= 0x9f48444
R
P 0x9f38ef4
P 0x9f48444
P 0x9f4a234
C 52
= 0x9f4ce38
R
P 0x9f38ef4
P 0x9f4bda0
U 1
P 0x9f4607c
p 1
C 46
= 0x9f48424
R
P 0x9f38ef4
P 0x9f48424
P 0x9f465bc
C 52
= 0x9f4ce5c
R
P 0x9f38ef4
P 0x9f4bd34
U 1
P 0x9f46064
p 1
C 46
= 0x9f47f04
R
P 0x9f38ef4
P 0x9f4bd34
U 1
P 0x9f4607c
p 1
C 46
= 0x9f483e4
R
P 0x9f38ef4
P 0x9f483e4
P 0x9f47f04
C 52
= 0x9f4cbd4
R
P 0x9f38ef4
U 4
P 0x9f4ce14
P 0x9f4ce38
P 0x9f4ce5c
P 0x9f4cbd4
p 4
C 59
= 0x9f50f30
R
P 0x9f38ef4
P 0x9f4bd34
U 1
P 0x9f46064
p 1
C 46
= 0x9f47f04
R
P 0x9f38ef4
P 0x9f4bd34
U 1
P 0x9f4607c
p 1
C 46
= 0x9f483e4
R
P 0x9f38ef4
P 0x9f483e4
P 0x9f47f04
C 52
= 0x9f4cbd4
R
P 0x9f38ef4
P 0x9f4bd58
U 1
P 0x9f46064
p 1
C 46
= 0x9f47f24
R
P 0x9f38ef4
P 0x9f4bd58
U 1
P 0x9f4607c
p 1
C 46
= 0x9f48404
R
P 0x9f38ef4
P 0x9f48404
P 0x9f47f24
C 52
= 0x9f4cbf8
R
P 0x9f38ef4
P 0x9f4bd7c
U 1
P 0x9f46064
p 1
C 46
= 0x9f47f64
R
P 0x9f38ef4
P 0x9f4bd7c
U 1
P 0x9f4607c
p 1
C 46
= 0x9f48444
R
P 0x9f38ef4
P 0x9f48444
P 0x9f47f64
C 52
= 0x9f4cbb0
R
P 0x9f38ef4
P 0x9f4bda0
U 1
P 0x9f46064
p 1
C 46
= 0x9f47f44
R
P 0x9f38ef4
P 0x9f4bda0
U 1
P 0x9f4607c
p 1
C 46
= 0x9f48424
R
P 0x9f38ef4
P 0x9f48424
P 0x9f47f44
C 52
= 0x9f4cc1c
R
P 0x9f38ef4
U 4
P 0x9f4cbd4
P 0x9f4cbf8
P 0x9f4cbb0
P 0x9f4cc1c
p 4
C 59
= 0x9f50f04
R
P 0x9f38ef4
P 0x9f58c4c
P 0x9f50f30
P 0x9f50f04
C 55
= 0x9f4a25c
R
P 0x9f38ef4
S "S1e2"
C 27
R
P 0x9f38ef4
$ |S1e2|
P 0x9f45fd4
C 47
= 0x9f465d4
R
P 0x9f38ef4
C 29
= 0x9f458fc
R
P 0x9f38ef4
P 0x9f45fec
P 0x9f458fc
C 34
= 0x9f4601c
R
P 0x9f38ef4
S "S1M5"
C 27
R
P 0x9f38ef4
$ |S1M5|
P 0x9f4601c
C 47
= 0x9f465ec
R
P 0x9f38ef4
S "S1c2"
C 27
R
P 0x9f38ef4
$ |S1c2|
P 0x9f45fd4
C 47
= 0x9f46604
R
P 0x9f38ef4
C 29
= 0x9f458fc
R
P 0x9f38ef4
P 0x9f45fec
P 0x9f458fc
C 34
= 0x9f4601c
R
P 0x9f38ef4
S "S1M6"
C 27
R
P 0x9f38ef4
$ |S1M6|
P 0x9f4601c
C 47
= 0x9f4661c
R
P 0x9f38ef4
S "S1Monitorx"
C 27
R
P 0x9f38ef4
$ |S1Monitorx|
P 0x9f45fec
C 47
= 0x9f4652c
R
P 0x9f38ef4
S "S1Monitory"
C 27
R
P 0x9f38ef4
$ |S1Monitory|
P 0x9f45fec
C 47
= 0x9f46544
R
P 0x9f38ef4
P 0x9f4bd58
U 1
P 0x9f46064
p 1
C 46
= 0x9f47f24
R
P 0x9f38ef4
P 0x9f47f24
P 0x9f465d4
C 124
= 0x9f4ce80
R
P 0x9f38ef4
P 0x9f4bda0
U 1
P 0x9f46064
p 1
C 46
= 0x9f47f44
R
P 0x9f38ef4
P 0x9f465ec
P 0x9f47f44
C 52
= 0x9f4cea4
R
P 0x9f38ef4
P 0x9f4661c
P 0x9f465ec
C 52
= 0x9f4cec8
R
P 0x9f38ef4
P 0x9f46604
P 0x9f465d4
C 52
= 0x9f4ceec
R
P 0x9f38ef4
C 30
= 0x9f4598c
R
P 0x9f38ef4
I 0
P 0x9f4598c
C 142
= 0x9f460f4
R
P 0x9f38ef4
P 0x9f4bd10
U 1
P 0x9f46544
p 1
C 46
= 0x9f483a4
R
P 0x9f38ef4
P 0x9f483a4
P 0x9f460f4
C 52
= 0x9f4cf10
R
P 0x9f38ef4
P 0x9f4bcc8
U 1
P 0x9f465d4
p 1
C 46
= 0x9f485c4
R
P 0x9f38ef4
P 0x9f4bcec
U 1
P 0x9f46544
p 1
C 46
= 0x9f48324
R
P 0x9f38ef4
P 0x9f48324
P 0x9f485c4
C 52
= 0x9f4cf34
R
P 0x9f38ef4
P 0x9f4cf34
C 54
= 0x9f485e4
R
P 0x9f38ef4
P 0x9f4bcc8
U 1
P 0x9f465d4
p 1
C 46
= 0x9f485c4
R
P 0x9f38ef4
P 0x9f4bcec
U 1
P 0x9f4652c
p 1
C 46
= 0x9f48364
R
P 0x9f38ef4
P 0x9f48364
P 0x9f485c4
C 52
= 0x9f4cf58
R
P 0x9f38ef4
U 2
P 0x9f4cf58
P 0x9f485e4
p 2
C 59
= 0x9f4cf7c
R
P 0x9f38ef4
U 2
P 0x9f4cf7c
P 0x9f4cf10
p 2
C 59
= 0x9f4cfa0
R
P 0x9f38ef4
U 2
P 0x9f4cfa0
P 0x9f4ceec
p 2
C 59
= 0x9f4cfc4
R
P 0x9f38ef4
U 2
P 0x9f4cfc4
P 0x9f4cec8
p 2
C 59
= 0x9f4cfe8
R
P 0x9f38ef4
P 0x9f465ec
P 0x9f4652c
C 124
= 0x9f4d00c
R
P 0x9f38ef4
P 0x9f465ec
P 0x9f46544
C 124
= 0x9f4d030
R
P 0x9f38ef4
U 5
P 0x9f4ce80
P 0x9f4cea4
P 0x9f4cfe8
P 0x9f4d00c
P 0x9f4d030
p 5
C 59
= 0x9f58c7c
R
P 0x9f38ef4
P 0x9f4bd58
U 1
P 0x9f46064
p 1
C 46
= 0x9f47f24
R
P 0x9f38ef4
C 51
= 0x9f4595c
R
P 0x9f38ef4
P 0x9f47f24
P 0x9f465d4
P 0x9f4595c
C 125
= 0x9f4a284
R
P 0x9f38ef4
P 0x9f4bd58
U 1
P 0x9f4607c
p 1
C 46
= 0x9f48404
R
P 0x9f38ef4
P 0x9f48404
P 0x9f4a284
C 52
= 0x9f4d054
R
P 0x9f38ef4
P 0x9f4bd7c
U 1
P 0x9f46064
p 1
C 46
= 0x9f47f64
R
P 0x9f38ef4
C 50
= 0x9f45944
R
P 0x9f38ef4
P 0x9f47f64
P 0x9f46604
P 0x9f45944
C 125
= 0x9f4a2ac
R
P 0x9f38ef4
P 0x9f4bd7c
U 1
P 0x9f4607c
p 1
C 46
= 0x9f48444
R
P 0x9f38ef4
P 0x9f48444
P 0x9f4a2ac
C 52
= 0x9f4d078
R
P 0x9f38ef4
P 0x9f4bda0
U 1
P 0x9f4607c
p 1
C 46
= 0x9f48424
R
P 0x9f38ef4
P 0x9f48424
P 0x9f4661c
C 52
= 0x9f4d09c
R
P 0x9f38ef4
P 0x9f4bd34
U 1
P 0x9f46064
p 1
C 46
= 0x9f47f04
R
P 0x9f38ef4
P 0x9f4bd34
U 1
P 0x9f4607c
p 1
C 46
= 0x9f483e4
R
P 0x9f38ef4
P 0x9f483e4
P 0x9f47f04
C 52
= 0x9f4cbd4
R
P 0x9f38ef4
U 4
P 0x9f4d054
P 0x9f4d078
P 0x9f4d09c
P 0x9f4cbd4
p 4
C 59
= 0x9f50f5c
R
P 0x9f38ef4
P 0x9f4bd34
U 1
P 0x9f46064
p 1
C 46
= 0x9f47f04
R
P 0x9f38ef4
P 0x9f4bd34
U 1
P 0x9f4607c
p 1
C 46
= 0x9f483e4
R
P 0x9f38ef4
P 0x9f483e4
P 0x9f47f04
C 52
= 0x9f4cbd4
R
P 0x9f38ef4
P 0x9f4bd58
U 1
P 0x9f46064
p 1
C 46
= 0x9f47f24
R
P 0x9f38ef4
P 0x9f4bd58
U 1
P 0x9f4607c
p 1
C 46
= 0x9f48404
R
P 0x9f38ef4
P 0x9f48404
P 0x9f47f24
C 52
= 0x9f4cbf8
R
P 0x9f38ef4
P 0x9f4bd7c
U 1
P 0x9f46064
p 1
C 46
= 0x9f47f64
R
P 0x9f38ef4
P 0x9f4bd7c
U 1
P 0x9f4607c
p 1
C 46
= 0x9f48444
R
P 0x9f38ef4
P 0x9f48444
P 0x9f47f64
C 52
= 0x9f4cbb0
R
P 0x9f38ef4
P 0x9f4bda0
U 1
P 0x9f46064
p 1
C 46
= 0x9f47f44
R
P 0x9f38ef4
P 0x9f4bda0
U 1
P 0x9f4607c
p 1
C 46
= 0x9f48424
R
P 0x9f38ef4
P 0x9f48424
P 0x9f47f44
C 52
= 0x9f4cc1c
R
P 0x9f38ef4
U 4
P 0x9f4cbd4
P 0x9f4cbf8
P 0x9f4cbb0
P 0x9f4cc1c
p 4
C 59
= 0x9f50f04
R
P 0x9f38ef4
P 0x9f58c7c
P 0x9f50f5c
P 0x9f50f04
C 55
= 0x9f4a2d4
R
P 0x9f38ef4
S "S1co"
C 27
R
P 0x9f38ef4
$ |S1co|
P 0x9f45fd4
C 47
= 0x9f46634
R
P 0x9f38ef4
C 29
= 0x9f458fc
R
P 0x9f38ef4
P 0x9f45fec
P 0x9f458fc
C 34
= 0x9f4601c
R
P 0x9f38ef4
S "S1M7"
C 27
R
P 0x9f38ef4
$ |S1M7|
P 0x9f4601c
C 47
= 0x9f4664c
R
P 0x9f38ef4
S "S1i"
C 27
R
P 0x9f38ef4
$ |S1i|
P 0x9f45fd4
C 47
= 0x9f46664
R
P 0x9f38ef4
C 29
= 0x9f458fc
R
P 0x9f38ef4
P 0x9f45fec
P 0x9f458fc
C 34
= 0x9f4601c
R
P 0x9f38ef4
S "S1M8"
C 27
R
P 0x9f38ef4
$ |S1M8|
P 0x9f4601c
C 47
= 0x9f4667c
R
P 0x9f38ef4
S "S1Monitorx"
C 27
R
P 0x9f38ef4
$ |S1Monitorx|
P 0x9f45fec
C 47
= 0x9f4652c
R
P 0x9f38ef4
S "temp_3"
C 27
R
P 0x9f38ef4
$ |temp_3|
P 0x9f45fec
C 47
= 0x9f46694
R
P 0x9f38ef4
P 0x9f4bd7c
U 1
P 0x9f46064
p 1
C 46
= 0x9f47f64
R
P 0x9f38ef4
P 0x9f47f64
P 0x9f46634
C 124
= 0x9f4d0c0
R
P 0x9f38ef4
P 0x9f4bda0
U 1
P 0x9f46064
p 1
C 46
= 0x9f47f44
R
P 0x9f38ef4
P 0x9f4664c
P 0x9f47f44
C 52
= 0x9f4d0e4
R
P 0x9f38ef4
C 51
= 0x9f4595c
R
P 0x9f38ef4
P 0x9f4664c
P 0x9f4652c
P 0x9f4595c
C 125
= 0x9f4a2fc
R
P 0x9f38ef4
C 50
= 0x9f45944
R
P 0x9f38ef4
P 0x9f4a2fc
P 0x9f46694
P 0x9f45944
C 125
= 0x9f4a324
R
P 0x9f38ef4
P 0x9f4667c
P 0x9f4a324
C 52
= 0x9f4d108
R
P 0x9f38ef4
P 0x9f46664
P 0x9f46634
C 52
= 0x9f4d12c
R
P 0x9f38ef4
P 0x9f4bcc8
U 1
P 0x9f46634
p 1
C 46
= 0x9f486a4
R
P 0x9f38ef4
P 0x9f4bcec
U 1
P 0x9f4652c
p 1
C 46
= 0x9f48364
R
P 0x9f38ef4
P 0x9f48364
P 0x9f486a4
C 52
= 0x9f4d150
R
P 0x9f38ef4
U 2
P 0x9f4d150
P 0x9f4d12c
p 2
C 59
= 0x9f4d174
R
P 0x9f38ef4
U 2
P 0x9f4d174
P 0x9f4d108
p 2
C 59
= 0x9f4d198
R
P 0x9f38ef4
P 0x9f4664c
P 0x9f4652c
C 124
= 0x9f4d1bc
R
P 0x9f38ef4
P 0x9f4bcec
U 1
P 0x9f4652c
p 1
C 46
= 0x9f48364
R
P 0x9f38ef4
P 0x9f4bcec
U 1
P 0x9f46694
p 1
C 46
= 0x9f486c4
R
P 0x9f38ef4
P 0x9f486c4
P 0x9f48364
C 52
= 0x9f4d1e0
R
P 0x9f38ef4
C 30
= 0x9f4598c
R
P 0x9f38ef4
I 0
P 0x9f4598c
C 142
= 0x9f460f4
R
P 0x9f38ef4
P 0x9f4bd10
U 1
P 0x9f46694
p 1
C 46
= 0x9f486e4
R
P 0x9f38ef4
P 0x9f486e4
P 0x9f460f4
C 52
= 0x9f4d204
R
P 0x9f38ef4
U 6
P 0x9f4d0c0
P 0x9f4d0e4
P 0x9f4d198
P 0x9f4d1bc
P 0x9f4d1e0
P 0x9f4d204
p 6
C 59
= 0x9f918b0
R
P 0x9f38ef4
P 0x9f4bd7c
U 1
P 0x9f46064
p 1
C 46
= 0x9f47f64
R
P 0x9f38ef4
C 51
= 0x9f4595c
R
P 0x9f38ef4
P 0x9f47f64
P 0x9f46634
P 0x9f4595c
C 125
= 0x9f4a34c
R
P 0x9f38ef4
P 0x9f4bd7c
U 1
P 0x9f4607c
p 1
C 46
= 0x9f48444
R
P 0x9f38ef4
P 0x9f48444
P 0x9f4a34c
C 52
= 0x9f4d228
R
P 0x9f38ef4
P 0x9f4bd34
U 1
P 0x9f46064
p 1
C 46
= 0x9f47f04
R
P 0x9f38ef4
C 50
= 0x9f45944
R
P 0x9f38ef4
P 0x9f47f04
P 0x9f46664
P 0x9f45944
C 125
= 0x9f4a374
R
P 0x9f38ef4
P 0x9f4bd34
U 1
P 0x9f4607c
p 1
C 46
= 0x9f483e4
R
P 0x9f38ef4
P 0x9f483e4
P 0x9f4a374
C 52
= 0x9f4d24c
R
P 0x9f38ef4
P 0x9f4bda0
U 1
P 0x9f4607c
p 1
C 46
= 0x9f48424
R
P 0x9f38ef4
P 0x9f48424
P 0x9f4667c
C 52
= 0x9f4d270
R
P 0x9f38ef4
P 0x9f4bd58
U 1
P 0x9f46064
p 1
C 46
= 0x9f47f24
R
P 0x9f38ef4
P 0x9f4bd58
U 1
P 0x9f4607c
p 1
C 46
= 0x9f48404
R
P 0x9f38ef4
P 0x9f48404
P 0x9f47f24
C 52
= 0x9f4cbf8
R
P 0x9f38ef4
U 4
P 0x9f4d228
P 0x9f4d24c
P 0x9f4d270
P 0x9f4cbf8
p 4
C 59
= 0x9f50f88
R
P 0x9f38ef4
P 0x9f4bd34
U 1
P 0x9f46064
p 1
C 46
= 0x9f47f04
R
P 0x9f38ef4
P 0x9f4bd34
U 1
P 0x9f4607c
p 1
C 46
= 0x9f483e4
R
P 0x9f38ef4
P 0x9f483e4
P 0x9f47f04
C 52
= 0x9f4cbd4
R
P 0x9f38ef4
P 0x9f4bd58
U 1
P 0x9f46064
p 1
C 46
= 0x9f47f24
R
P 0x9f38ef4
P 0x9f4bd58
U 1
P 0x9f4607c
p 1
C 46
= 0x9f48404
R
P 0x9f38ef4
P 0x9f48404
P 0x9f47f24
C 52
= 0x9f4cbf8
R
P 0x9f38ef4
P 0x9f4bd7c
U 1
P 0x9f46064
p 1
C 46
= 0x9f47f64
R
P 0x9f38ef4
P 0x9f4bd7c
U 1
P 0x9f4607c
p 1
C 46
= 0x9f48444
R
P 0x9f38ef4
P 0x9f48444
P 0x9f47f64
C 52
= 0x9f4cbb0
R
P 0x9f38ef4
P 0x9f4bda0
U 1
P 0x9f46064
p 1
C 46
= 0x9f47f44
R
P 0x9f38ef4
P 0x9f4bda0
U 1
P 0x9f4607c
p 1
C 46
= 0x9f48424
R
P 0x9f38ef4
P 0x9f48424
P 0x9f47f44
C 52
= 0x9f4cc1c
R
P 0x9f38ef4
U 4
P 0x9f4cbd4
P 0x9f4cbf8
P 0x9f4cbb0
P 0x9f4cc1c
p 4
C 59
= 0x9f50f04
R
P 0x9f38ef4
P 0x9f918b0
P 0x9f50f88
P 0x9f50f04
C 55
= 0x9f4a39c
R
P 0x9f38ef4
P 0x9f4bd34
U 1
P 0x9f46064
p 1
C 46
= 0x9f47f04
R
P 0x9f38ef4
P 0x9f4bd34
U 1
P 0x9f4607c
p 1
C 46
= 0x9f483e4
R
P 0x9f38ef4
P 0x9f483e4
P 0x9f47f04
C 52
= 0x9f4cbd4
R
P 0x9f38ef4
P 0x9f4bd58
U 1
P 0x9f46064
p 1
C 46
= 0x9f47f24
R
P 0x9f38ef4
P 0x9f4bd58
U 1
P 0x9f4607c
p 1
C 46
= 0x9f48404
R
P 0x9f38ef4
P 0x9f48404
P 0x9f47f24
C 52
= 0x9f4cbf8
R
P 0x9f38ef4
P 0x9f4bd7c
U 1
P 0x9f46064
p 1
C 46
= 0x9f47f64
R
P 0x9f38ef4
P 0x9f4bd7c
U 1
P 0x9f4607c
p 1
C 46
= 0x9f48444
R
P 0x9f38ef4
P 0x9f48444
P 0x9f47f64
C 52
= 0x9f4cbb0
R
P 0x9f38ef4
P 0x9f4bda0
U 1
P 0x9f46064
p 1
C 46
= 0x9f47f44
R
P 0x9f38ef4
P 0x9f4bda0
U 1
P 0x9f4607c
p 1
C 46
= 0x9f48424
R
P 0x9f38ef4
P 0x9f48424
P 0x9f47f44
C 52
= 0x9f4cc1c
R
P 0x9f38ef4
U 4
P 0x9f4cbd4
P 0x9f4cbf8
P 0x9f4cbb0
P 0x9f4cc1c
p 4
C 59
= 0x9f50f04
R
P 0x9f38ef4
C 50
= 0x9f45944
R
P 0x9f38ef4
P 0x9f45944
P 0x9f50f04
C 57
= 0x9f4d294
R
P 0x9f38ef4
U 5
P 0x9f4a1e4
P 0x9f4a25c
P 0x9f4a2d4
P 0x9f4a39c
P 0x9f4d294
p 5
C 60
= 0x9f58cac
R
P 0x9f38ef4
S "S2gt"
C 27
R
P 0x9f38ef4
$ |S2gt|
P 0x9f45fd4
C 47
= 0x9f466ac
R
P 0x9f38ef4
C 29
= 0x9f458fc
R
P 0x9f38ef4
P 0x9f45fec
P 0x9f458fc
C 34
= 0x9f4601c
R
P 0x9f38ef4
S "S2M1"
C 27
R
P 0x9f38ef4
$ |S2M1|
P 0x9f4601c
C 47
= 0x9f466c4
R
P 0x9f38ef4
S "S2ot"
C 27
R
P 0x9f38ef4
$ |S2ot|
P 0x9f45fd4
C 47
= 0x9f466dc
R
P 0x9f38ef4
C 29
= 0x9f458fc
R
P 0x9f38ef4
P 0x9f45fec
P 0x9f458fc
C 34
= 0x9f4601c
R
P 0x9f38ef4
S "S2M2"
C 27
R
P 0x9f38ef4
$ |S2M2|
P 0x9f4601c
C 47
= 0x9f466f4
R
P 0x9f38ef4
S "S2Monitorx"
C 27
R
P 0x9f38ef4
$ |S2Monitorx|
P 0x9f45fec
C 47
= 0x9f4670c
R
P 0x9f38ef4
S "S2Monitory"
C 27
R
P 0x9f38ef4
$ |S2Monitory|
P 0x9f45fec
C 47
= 0x9f46724
R
P 0x9f38ef4
S "temp_4"
C 27
R
P 0x9f38ef4
$ |temp_4|
P 0x9f45fec
C 47
= 0x9f4673c
R
P 0x9f38ef4
P 0x9f4bd34
U 1
P 0x9f4607c
p 1
C 46
= 0x9f483e4
R
P 0x9f38ef4
P 0x9f483e4
P 0x9f466ac
C 124
= 0x9f4d2b8
R
P 0x9f38ef4
P 0x9f4bda0
U 1
P 0x9f4607c
p 1
C 46
= 0x9f48424
R
P 0x9f38ef4
P 0x9f466c4
P 0x9f48424
C 52
= 0x9f4d2dc
R
P 0x9f38ef4
C 51
= 0x9f4595c
R
P 0x9f38ef4
P 0x9f466c4
P 0x9f4670c
P 0x9f4595c
C 125
= 0x9f4a3c4
R
P 0x9f38ef4
C 50
= 0x9f45944
R
P 0x9f38ef4
P 0x9f4a3c4
P 0x9f4673c
P 0x9f45944
C 125
= 0x9f4a3ec
R
P 0x9f38ef4
P 0x9f466f4
P 0x9f4a3ec
C 52
= 0x9f4d300
R
P 0x9f38ef4
P 0x9f466dc
P 0x9f466ac
C 52
= 0x9f4d324
R
P 0x9f38ef4
P 0x9f4bcc8
U 1
P 0x9f466ac
p 1
C 46
= 0x9f487e4
R
P 0x9f38ef4
P 0x9f4bcec
U 1
P 0x9f46724
p 1
C 46
= 0x9f48804
R
P 0x9f38ef4
P 0x9f48804
P 0x9f487e4
C 52
= 0x9f4d348
R
P 0x9f38ef4
P 0x9f4d348
C 54
= 0x9f48824
R
P 0x9f38ef4
P 0x9f4bcc8
U 1
P 0x9f466ac
p 1
C 46
= 0x9f487e4
R
P 0x9f38ef4
P 0x9f4bcec
U 1
P 0x9f4670c
p 1
C 46
= 0x9f48844
R
P 0x9f38ef4
P 0x9f48844
P 0x9f487e4
C 52
= 0x9f4d36c
R
P 0x9f38ef4
U 2
P 0x9f4d36c
P 0x9f48824
p 2
C 59
= 0x9f4d390
R
P 0x9f38ef4
U 2
P 0x9f4d390
P 0x9f4d324
p 2
C 59
= 0x9f4d3b4
R
P 0x9f38ef4
U 2
P 0x9f4d3b4
P 0x9f4d300
p 2
C 59
= 0x9f4d3d8
R
P 0x9f38ef4
P 0x9f466c4
P 0x9f4670c
C 124
= 0x9f4d3fc
R
P 0x9f38ef4
P 0x9f466c4
P 0x9f46724
C 124
= 0x9f4d420
R
P 0x9f38ef4
P 0x9f4bcec
U 1
P 0x9f4670c
p 1
C 46
= 0x9f48844
R
P 0x9f38ef4
P 0x9f4bcec
U 1
P 0x9f4673c
p 1
C 46
= 0x9f48864
R
P 0x9f38ef4
P 0x9f48864
P 0x9f48844
C 52
= 0x9f4d444
R
P 0x9f38ef4
C 30
= 0x9f4598c
R
P 0x9f38ef4
I 1
P 0x9f4598c
C 142
= 0x9f460c4
R
P 0x9f38ef4
P 0x9f4bd10
U 1
P 0x9f46724
p 1
C 46
= 0x9f48884
R
P 0x9f38ef4
U 2
P 0x9f48884
P 0x9f460c4
p 2
C 61
= 0x9f4d468
R
P 0x9f38ef4
P 0x9f4bd10
U 1
P 0x9f4673c
p 1
C 46
= 0x9f488a4
R
P 0x9f38ef4
P 0x9f488a4
P 0x9f4d468
C 52
= 0x9f4d48c
R
P 0x9f38ef4
U 7
P 0x9f4d2b8
P 0x9f4d2dc
P 0x9f4d3d8
P 0x9f4d3fc
P 0x9f4d420
P 0x9f4d444
P 0x9f4d48c
p 7
C 59
= 0x9f8c884
R
P 0x9f38ef4
P 0x9f4bd34
U 1
P 0x9f4607c
p 1
C 46
= 0x9f483e4
R
P 0x9f38ef4
C 51
= 0x9f4595c
R
P 0x9f38ef4
P 0x9f483e4
P 0x9f466ac
P 0x9f4595c
C 125
= 0x9f4a414
R
P 0x9f38ef4
P 0x9f4bd34
U 1
P 0x9f46094
p 1
C 46
= 0x9f488c4
R
P 0x9f38ef4
P 0x9f488c4
P 0x9f4a414
C 52
= 0x9f4d4b0
R
P 0x9f38ef4
P 0x9f4bd58
U 1
P 0x9f4607c
p 1
C 46
= 0x9f48404
R
P 0x9f38ef4
C 50
= 0x9f45944
R
P 0x9f38ef4
P 0x9f48404
P 0x9f466dc
P 0x9f45944
C 125
= 0x9f4a43c
R
P 0x9f38ef4
P 0x9f4bd58
U 1
P 0x9f46094
p 1
C 46
= 0x9f488e4
R
P 0x9f38ef4
P 0x9f488e4
P 0x9f4a43c
C 52
= 0x9f4d4d4
R
P 0x9f38ef4
P 0x9f4bda0
U 1
P 0x9f46094
p 1
C 46
= 0x9f48904
R
P 0x9f38ef4
P 0x9f48904
P 0x9f466f4
C 52
= 0x9f4d4f8
R
P 0x9f38ef4
P 0x9f4bd7c
U 1
P 0x9f4607c
p 1
C 46
= 0x9f48444
R
P 0x9f38ef4
P 0x9f4bd7c
U 1
P 0x9f46094
p 1
C 46
= 0x9f48924
R
P 0x9f38ef4
P 0x9f48924
P 0x9f48444
C 52
= 0x9f4d51c
R
P 0x9f38ef4
U 4
P 0x9f4d4b0
P 0x9f4d4d4
P 0x9f4d4f8
P 0x9f4d51c
p 4
C 59
= 0x9f50fb4
R
P 0x9f38ef4
P 0x9f4bd34
U 1
P 0x9f4607c
p 1
C 46
= 0x9f483e4
R
P 0x9f38ef4
P 0x9f4bd34
U 1
P 0x9f46094
p 1
C 46
= 0x9f488c4
R
P 0x9f38ef4
P 0x9f488c4
P 0x9f483e4
C 52
= 0x9f4d540
R
P 0x9f38ef4
P 0x9f4bd58
U 1
P 0x9f4607c
p 1
C 46
= 0x9f48404
R
P 0x9f38ef4
P 0x9f4bd58
U 1
P 0x9f46094
p 1
C 46
= 0x9f488e4
R
P 0x9f38ef4
P 0x9f488e4
P 0x9f48404
C 52
= 0x9f4d564
R
P 0x9f38ef4
P 0x9f4bd7c
U 1
P 0x9f4607c
p 1
C 46
= 0x9f48444
R
P 0x9f38ef4
P 0x9f4bd7c
U 1
P 0x9f46094
p 1
C 46
= 0x9f48924
R
P 0x9f38ef4
P 0x9f48924
P 0x9f48444
C 52
= 0x9f4d51c
R
P 0x9f38ef4
P 0x9f4bda0
U 1
P 0x9f4607c
p 1
C 46
= 0x9f48424
R
P 0x9f38ef4
P 0x9f4bda0
U 1
P 0x9f46094
p 1
C 46
= 0x9f48904
R
P 0x9f38ef4
P 0x9f48904
P 0x9f48424
C 52
= 0x9f4d588
R
P 0x9f38ef4
U 4
P 0x9f4d540
P 0x9f4d564
P 0x9f4d51c
P 0x9f4d588
p 4
C 59
= 0x9f50fe0
R
P 0x9f38ef4
P 0x9f8c884
P 0x9f50fb4
P 0x9f50fe0
C 55
= 0x9f4a464
R
P 0x9f38ef4
S "S2e1"
C 27
R
P 0x9f38ef4
$ |S2e1|
P 0x9f45fd4
C 47
= 0x9f46754
R
P 0x9f38ef4
C 29
= 0x9f458fc
R
P 0x9f38ef4
P 0x9f45fec
P 0x9f458fc
C 34
= 0x9f4601c
R
P 0x9f38ef4
S "S2M3"
C 27
R
P 0x9f38ef4
$ |S2M3|
P 0x9f4601c
C 47
= 0x9f4676c
R
P 0x9f38ef4
S "S2c1"
C 27
R
P 0x9f38ef4
$ |S2c1|
P 0x9f45fd4
C 47
= 0x9f46784
R
P 0x9f38ef4
C 29
= 0x9f458fc
R
P 0x9f38ef4
P 0x9f45fec
P 0x9f458fc
C 34
= 0x9f4601c
R
P 0x9f38ef4
S "S2M4"
C 27
R
P 0x9f38ef4
$ |S2M4|
P 0x9f4601c
C 47
= 0x9f4679c
R
P 0x9f38ef4
S "S2Monitorx"
C 27
R
P 0x9f38ef4
$ |S2Monitorx|
P 0x9f45fec
C 47
= 0x9f4670c
R
P 0x9f38ef4
S "S2Monitory"
C 27
R
P 0x9f38ef4
$ |S2Monitory|
P 0x9f45fec
C 47
= 0x9f46724
R
P 0x9f38ef4
P 0x9f4bd58
U 1
P 0x9f4607c
p 1
C 46
= 0x9f48404
R
P 0x9f38ef4
P 0x9f48404
P 0x9f46754
C 124
= 0x9f4d5ac
R
P 0x9f38ef4
P 0x9f4bda0
U 1
P 0x9f4607c
p 1
C 46
= 0x9f48424
R
P 0x9f38ef4
P 0x9f4676c
P 0x9f48424
C 52
= 0x9f4d5d0
R
P 0x9f38ef4
P 0x9f4679c
P 0x9f4676c
C 52
= 0x9f4d5f4
R
P 0x9f38ef4
P 0x9f46784
P 0x9f46754
C 52
= 0x9f4d618
R
P 0x9f38ef4
P 0x9f4bd10
U 1
P 0x9f46724
p 1
C 46
= 0x9f48884
R
P 0x9f38ef4
P 0x9f4bd10
U 1
P 0x9f4670c
p 1
C 46
= 0x9f489c4
R
P 0x9f38ef4
P 0x9f489c4
P 0x9f48884
C 69
= 0x9f4d63c
R
P 0x9f38ef4
P 0x9f4bcc8
U 1
P 0x9f46754
p 1
C 46
= 0x9f489e4
R
P 0x9f38ef4
P 0x9f4bcec
U 1
P 0x9f46724
p 1
C 46
= 0x9f48804
R
P 0x9f38ef4
P 0x9f48804
P 0x9f489e4
C 52
= 0x9f4d660
R
P 0x9f38ef4
P 0x9f4d660
C 54
= 0x9f48a04
R
P 0x9f38ef4
P 0x9f4bcc8
U 1
P 0x9f46754
p 1
C 46
= 0x9f489e4
R
P 0x9f38ef4
P 0x9f4bcec
U 1
P 0x9f4670c
p 1
C 46
= 0x9f48844
R
P 0x9f38ef4
P 0x9f48844
P 0x9f489e4
C 52
= 0x9f4d684
R
P 0x9f38ef4
U 2
P 0x9f4d684
P 0x9f48a04
p 2
C 59
= 0x9f4d6a8
R
P 0x9f38ef4
U 2
P 0x9f4d6a8
P 0x9f4d63c
p 2
C 59
= 0x9f4d6cc
R
P 0x9f38ef4
U 2
P 0x9f4d6cc
P 0x9f4d618
p 2
C 59
= 0x9f4d6f0
R
P 0x9f38ef4
U 2
P 0x9f4d6f0
P 0x9f4d5f4
p 2
C 59
= 0x9f4d714
R
P 0x9f38ef4
P 0x9f4676c
P 0x9f4670c
C 124
= 0x9f4d738
R
P 0x9f38ef4
P 0x9f4676c
P 0x9f46724
C 124
= 0x9f4d75c
R
P 0x9f38ef4
U 5
P 0x9f4d5ac
P 0x9f4d5d0
P 0x9f4d714
P 0x9f4d738
P 0x9f4d75c
p 5
C 59
= 0x9f58cdc
R
P 0x9f38ef4
P 0x9f4bd58
U 1
P 0x9f4607c
p 1
C 46
= 0x9f48404
R
P 0x9f38ef4
C 51
= 0x9f4595c
R
P 0x9f38ef4
P 0x9f48404
P 0x9f46754
P 0x9f4595c
C 125
= 0x9f4a48c
R
P 0x9f38ef4
P 0x9f4bd58
U 1
P 0x9f46094
p 1
C 46
= 0x9f488e4
R
P 0x9f38ef4
P 0x9f488e4
P 0x9f4a48c
C 52
= 0x9f4d780
R
P 0x9f38ef4
P 0x9f4bd7c
U 1
P 0x9f4607c
p 1
C 46
= 0x9f48444
R
P 0x9f38ef4
C 50
= 0x9f45944
R
P 0x9f38ef4
P 0x9f48444
P 0x9f46784
P 0x9f45944
C 125
= 0x9f4a4b4
R
P 0x9f38ef4
P 0x9f4bd7c
U 1
P 0x9f46094
p 1
C 46
= 0x9f48924
R
P 0x9f38ef4
P 0x9f48924
P 0x9f4a4b4
C 52
= 0x9f4d7a4
R
P 0x9f38ef4
P 0x9f4bda0
U 1
P 0x9f46094
p 1
C 46
= 0x9f48904
R
P 0x9f38ef4
P 0x9f48904
P 0x9f4679c
C 52
= 0x9f4d7c8
R
P 0x9f38ef4
P 0x9f4bd34
U 1
P 0x9f4607c
p 1
C 46
= 0x9f483e4
R
P 0x9f38ef4
P 0x9f4bd34
U 1
P 0x9f46094
p 1
C 46
= 0x9f488c4
R
P 0x9f38ef4
P 0x9f488c4
P 0x9f483e4
C 52
= 0x9f4d540
R
P 0x9f38ef4
U 4
P 0x9f4d780
P 0x9f4d7a4
P 0x9f4d7c8
P 0x9f4d540
p 4
C 59
= 0x9f5100c
R
P 0x9f38ef4
P 0x9f4bd34
U 1
P 0x9f4607c
p 1
C 46
= 0x9f483e4
R
P 0x9f38ef4
P 0x9f4bd34
U 1
P 0x9f46094
p 1
C 46
= 0x9f488c4
R
P 0x9f38ef4
P 0x9f488c4
P 0x9f483e4
C 52
= 0x9f4d540
R
P 0x9f38ef4
P 0x9f4bd58
U 1
P 0x9f4607c
p 1
C 46
= 0x9f48404
R
P 0x9f38ef4
P 0x9f4bd58
U 1
P 0x9f46094
p 1
C 46
= 0x9f488e4
R
P 0x9f38ef4
P 0x9f488e4
P 0x9f48404
C 52
= 0x9f4d564
R
P 0x9f38ef4
P 0x9f4bd7c
U 1
P 0x9f4607c
p 1
C 46
= 0x9f48444
R
P 0x9f38ef4
P 0x9f4bd7c
U 1
P 0x9f46094
p 1
C 46
= 0x9f48924
R
P 0x9f38ef4
P 0x9f48924
P 0x9f48444
C 52
= 0x9f4d51c
R
P 0x9f38ef4
P 0x9f4bda0
U 1
P 0x9f4607c
p 1
C 46
= 0x9f48424
R
P 0x9f38ef4
P 0x9f4bda0
U 1
P 0x9f46094
p 1
C 46
= 0x9f48904
R
P 0x9f38ef4
P 0x9f48904
P 0x9f48424
C 52
= 0x9f4d588
R
P 0x9f38ef4
U 4
P 0x9f4d540
P 0x9f4d564
P 0x9f4d51c
P 0x9f4d588
p 4
C 59
= 0x9f50fe0
R
P 0x9f38ef4
P 0x9f58cdc
P 0x9f5100c
P 0x9f50fe0
C 55
= 0x9f4a4dc
R
P 0x9f38ef4
S "S2e2"
C 27
R
P 0x9f38ef4
$ |S2e2|
P 0x9f45fd4
C 47
= 0x9f467b4
R
P 0x9f38ef4
C 29
= 0x9f458fc
R
P 0x9f38ef4
P 0x9f45fec
P 0x9f458fc
C 34
= 0x9f4601c
R
P 0x9f38ef4
S "S2M5"
C 27
R
P 0x9f38ef4
$ |S2M5|
P 0x9f4601c
C 47
= 0x9f467cc
R
P 0x9f38ef4
S "S2c2"
C 27
R
P 0x9f38ef4
$ |S2c2|
P 0x9f45fd4
C 47
= 0x9f467e4
R
P 0x9f38ef4
C 29
= 0x9f458fc
R
P 0x9f38ef4
P 0x9f45fec
P 0x9f458fc
C 34
= 0x9f4601c
R
P 0x9f38ef4
S "S2M6"
C 27
R
P 0x9f38ef4
$ |S2M6|
P 0x9f4601c
C 47
= 0x9f467fc
R
P 0x9f38ef4
S "S2Monitorx"
C 27
R
P 0x9f38ef4
$ |S2Monitorx|
P 0x9f45fec
C 47
= 0x9f4670c
R
P 0x9f38ef4
S "S2Monitory"
C 27
R
P 0x9f38ef4
$ |S2Monitory|
P 0x9f45fec
C 47
= 0x9f46724
R
P 0x9f38ef4
P 0x9f4bd58
U 1
P 0x9f4607c
p 1
C 46
= 0x9f48404
R
P 0x9f38ef4
P 0x9f48404
P 0x9f467b4
C 124
= 0x9f4d7ec
R
P 0x9f38ef4
P 0x9f4bda0
U 1
P 0x9f4607c
p 1
C 46
= 0x9f48424
R
P 0x9f38ef4
P 0x9f467cc
P 0x9f48424
C 52
= 0x9f4d810
R
P 0x9f38ef4
P 0x9f467fc
P 0x9f467cc
C 52
= 0x9f4d834
R
P 0x9f38ef4
P 0x9f467e4
P 0x9f467b4
C 52
= 0x9f4d858
R
P 0x9f38ef4
C 30
= 0x9f4598c
R
P 0x9f38ef4
I 0
P 0x9f4598c
C 142
= 0x9f460f4
R
P 0x9f38ef4
P 0x9f4bd10
U 1
P 0x9f46724
p 1
C 46
= 0x9f48884
R
P 0x9f38ef4
P 0x9f48884
P 0x9f460f4
C 52
= 0x9f4d87c
R
P 0x9f38ef4
P 0x9f4bcc8
U 1
P 0x9f467b4
p 1
C 46
= 0x9f48aa4
R
P 0x9f38ef4
P 0x9f4bcec
U 1
P 0x9f46724
p 1
C 46
= 0x9f48804
R
P 0x9f38ef4
P 0x9f48804
P 0x9f48aa4
C 52
= 0x9f4d8a0
R
P 0x9f38ef4
P 0x9f4d8a0
C 54
= 0x9f48ac4
R
P 0x9f38ef4
P 0x9f4bcc8
U 1
P 0x9f467b4
p 1
C 46
= 0x9f48aa4
R
P 0x9f38ef4
P 0x9f4bcec
U 1
P 0x9f4670c
p 1
C 46
= 0x9f48844
R
P 0x9f38ef4
P 0x9f48844
P 0x9f48aa4
C 52
= 0x9f4d8c4
R
P 0x9f38ef4
U 2
P 0x9f4d8c4
P 0x9f48ac4
p 2
C 59
= 0x9f4d8e8
R
P 0x9f38ef4
U 2
P 0x9f4d8e8
P 0x9f4d87c
p 2
C 59
= 0x9f4d90c
R
P 0x9f38ef4
U 2
P 0x9f4d90c
P 0x9f4d858
p 2
C 59
= 0x9f4d930
R
P 0x9f38ef4
U 2
P 0x9f4d930
P 0x9f4d834
p 2
C 59
= 0x9f4d954
R
P 0x9f38ef4
P 0x9f467cc
P 0x9f4670c
C 124
= 0x9f4d978
R
P 0x9f38ef4
P 0x9f467cc
P 0x9f46724
C 124
= 0x9f4d99c
R
P 0x9f38ef4
U 5
P 0x9f4d7ec
P 0x9f4d810
P 0x9f4d954
P 0x9f4d978
P 0x9f4d99c
p 5
C 59
= 0x9f58d0c
R
P 0x9f38ef4
P 0x9f4bd58
U 1
P 0x9f4607c
p 1
C 46
= 0x9f48404
R
P 0x9f38ef4
C 51
= 0x9f4595c
R
P 0x9f38ef4
P 0x9f48404
P 0x9f467b4
P 0x9f4595c
C 125
= 0x9f4a504
R
P 0x9f38ef4
P 0x9f4bd58
U 1
P 0x9f46094
p 1
C 46
= 0x9f488e4
R
P 0x9f38ef4
P 0x9f488e4
P 0x9f4a504
C 52
= 0x9f4d9c0
R
P 0x9f38ef4
P 0x9f4bd7c
U 1
P 0x9f4607c
p 1
C 46
= 0x9f48444
R
P 0x9f38ef4
C 50
= 0x9f45944
R
P 0x9f38ef4
P 0x9f48444
P 0x9f467e4
P 0x9f45944
C 125
= 0x9f4a52c
R
P 0x9f38ef4
P 0x9f4bd7c
U 1
P 0x9f46094
p 1
C 46
= 0x9f48924
R
P 0x9f38ef4
P 0x9f48924
P 0x9f4a52c
C 52
= 0x9f4d9e4
R
P 0x9f38ef4
P 0x9f4bda0
U 1
P 0x9f46094
p 1
C 46
= 0x9f48904
R
P 0x9f38ef4
P 0x9f48904
P 0x9f467fc
C 52
= 0x9f9493c
R
P 0x9f38ef4
P 0x9f4bd34
U 1
P 0x9f4607c
p 1
C 46
= 0x9f483e4
R
P 0x9f38ef4
P 0x9f4bd34
U 1
P 0x9f46094
p 1
C 46
= 0x9f488c4
R
P 0x9f38ef4
P 0x9f488c4
P 0x9f483e4
C 52
= 0x9f4d540
R
P 0x9f38ef4
U 4
P 0x9f4d9c0
P 0x9f4d9e4
P 0x9f9493c
P 0x9f4d540
p 4
C 59
= 0x9f51038
R
P 0x9f38ef4
P 0x9f4bd34
U 1
P 0x9f4607c
p 1
C 46
= 0x9f483e4
R
P 0x9f38ef4
P 0x9f4bd34
U 1
P 0x9f46094
p 1
C 46
= 0x9f488c4
R
P 0x9f38ef4
P 0x9f488c4
P 0x9f483e4
C 52
= 0x9f4d540
R
P 0x9f38ef4
P 0x9f4bd58
U 1
P 0x9f4607c
p 1
C 46
= 0x9f48404
R
P 0x9f38ef4
P 0x9f4bd58
U 1
P 0x9f46094
p 1
C 46
= 0x9f488e4
R
P 0x9f38ef4
P 0x9f488e4
P 0x9f48404
C 52
= 0x9f4d564
R
P 0x9f38ef4
P 0x9f4bd7c
U 1
P 0x9f4607c
p 1
C 46
= 0x9f48444
R
P 0x9f38ef4
P 0x9f4bd7c
U 1
P 0x9f46094
p 1
C 46
= 0x9f48924
R
P 0x9f38ef4
P 0x9f48924
P 0x9f48444
C 52
= 0x9f4d51c
R
P 0x9f38ef4
P 0x9f4bda0
U 1
P 0x9f4607c
p 1
C 46
= 0x9f48424
R
P 0x9f38ef4
P 0x9f4bda0
U 1
P 0x9f46094
p 1
C 46
= 0x9f48904
R
P 0x9f38ef4
P 0x9f48904
P 0x9f48424
C 52
= 0x9f4d588
R
P 0x9f38ef4
U 4
P 0x9f4d540
P 0x9f4d564
P 0x9f4d51c
P 0x9f4d588
p 4
C 59
= 0x9f50fe0
R
P 0x9f38ef4
P 0x9f58d0c
P 0x9f51038
P 0x9f50fe0
C 55
= 0x9f4a554
R
P 0x9f38ef4
S "S2co"
C 27
R
P 0x9f38ef4
$ |S2co|
P 0x9f45fd4
C 47
= 0x9f46814
R
P 0x9f38ef4
C 29
= 0x9f458fc
R
P 0x9f38ef4
P 0x9f45fec
P 0x9f458fc
C 34
= 0x9f4601c
R
P 0x9f38ef4
S "S2M7"
C 27
R
P 0x9f38ef4
$ |S2M7|
P 0x9f4601c
C 47
= 0x9f4682c
R
P 0x9f38ef4
S "S2i"
C 27
R
P 0x9f38ef4
$ |S2i|
P 0x9f45fd4
C 47
= 0x9f46844
R
P 0x9f38ef4
C 29
= 0x9f458fc
R
P 0x9f38ef4
P 0x9f45fec
P 0x9f458fc
C 34
= 0x9f4601c
R
P 0x9f38ef4
S "S2M8"
C 27
R
P 0x9f38ef4
$ |S2M8|
P 0x9f4601c
C 47
= 0x9f4685c
R
P 0x9f38ef4
S "S2Monitorx"
C 27
R
P 0x9f38ef4
$ |S2Monitorx|
P 0x9f45fec
C 47
= 0x9f4670c
R
P 0x9f38ef4
S "temp_5"
C 27
R
P 0x9f38ef4
$ |temp_5|
P 0x9f45fec
C 47
= 0x9f46874
R
P 0x9f38ef4
P 0x9f4bd7c
U 1
P 0x9f4607c
p 1
C 46
= 0x9f48444
R
P 0x9f38ef4
P 0x9f48444
P 0x9f46814
C 124
= 0x9f94960
R
P 0x9f38ef4
P 0x9f4bda0
U 1
P 0x9f4607c
p 1
C 46
= 0x9f48424
R
P 0x9f38ef4
P 0x9f4682c
P 0x9f48424
C 52
= 0x9f94984
R
P 0x9f38ef4
C 51
= 0x9f4595c
R
P 0x9f38ef4
P 0x9f4682c
P 0x9f4670c
P 0x9f4595c
C 125
= 0x9f4a57c
R
P 0x9f38ef4
C 50
= 0x9f45944
R
P 0x9f38ef4
P 0x9f4a57c
P 0x9f46874
P 0x9f45944
C 125
= 0x9f4a5a4
R
P 0x9f38ef4
P 0x9f4685c
P 0x9f4a5a4
C 52
= 0x9f949a8
R
P 0x9f38ef4
P 0x9f46844
P 0x9f46814
C 52
= 0x9f949cc
R
P 0x9f38ef4
P 0x9f4bcc8
U 1
P 0x9f46814
p 1
C 46
= 0x9f48b84
R
P 0x9f38ef4
P 0x9f4bcec
U 1
P 0x9f4670c
p 1
C 46
= 0x9f48844
R
P 0x9f38ef4
P 0x9f48844
P 0x9f48b84
C 52
= 0x9f949f0
R
P 0x9f38ef4
U 2
P 0x9f949f0
P 0x9f949cc
p 2
C 59
= 0x9f94a14
R
P 0x9f38ef4
U 2
P 0x9f94a14
P 0x9f949a8
p 2
C 59
= 0x9f94a38
R
P 0x9f38ef4
P 0x9f4682c
P 0x9f4670c
C 124
= 0x9f94a5c
R
P 0x9f38ef4
P 0x9f4bcec
U 1
P 0x9f4670c
p 1
C 46
= 0x9f48844
R
P 0x9f38ef4
P 0x9f4bcec
U 1
P 0x9f46874
p 1
C 46
= 0x9f48ba4
R
P 0x9f38ef4
P 0x9f48ba4
P 0x9f48844
C 52
= 0x9f94a80
R
P 0x9f38ef4
C 30
= 0x9f4598c
R
P 0x9f38ef4
I 0
P 0x9f4598c
C 142
= 0x9f460f4
R
P 0x9f38ef4
P 0x9f4bd10
U 1
P 0x9f46874
p 1
C 46
= 0x9f48bc4
R
P 0x9f38ef4
P 0x9f48bc4
P 0x9f460f4
C 52
= 0x9f94aa4
R
P 0x9f38ef4
U 6
P 0x9f94960
P 0x9f94984
P 0x9f94a38
P 0x9f94a5c
P 0x9f94a80
P 0x9f94aa4
p 6
C 59
= 0x9f918e4
R
P 0x9f38ef4
P 0x9f4bd7c
U 1
P 0x9f4607c
p 1
C 46
= 0x9f48444
R
P 0x9f38ef4
C 51
= 0x9f4595c
R
P 0x9f38ef4
P 0x9f48444
P 0x9f46814
P 0x9f4595c
C 125
= 0x9f4a5cc
R
P 0x9f38ef4
P 0x9f4bd7c
U 1
P 0x9f46094
p 1
C 46
= 0x9f48924
R
P 0x9f38ef4
P 0x9f48924
P 0x9f4a5cc
C 52
= 0x9f94ac8
R
P 0x9f38ef4
P 0x9f4bd34
U 1
P 0x9f4607c
p 1
C 46
= 0x9f483e4
R
P 0x9f38ef4
C 50
= 0x9f45944
R
P 0x9f38ef4
P 0x9f483e4
P 0x9f46844
P 0x9f45944
C 125
= 0x9f4a5f4
R
P 0x9f38ef4
P 0x9f4bd34
U 1
P 0x9f46094
p 1
C 46
= 0x9f488c4
R
P 0x9f38ef4
P 0x9f488c4
P 0x9f4a5f4
C 52
= 0x9f94aec
R
P 0x9f38ef4
P 0x9f4bda0
U 1
P 0x9f46094
p 1
C 46
= 0x9f48904
R
P 0x9f38ef4
P 0x9f48904
P 0x9f4685c
C 52
= 0x9f94b10
R
P 0x9f38ef4
P 0x9f4bd58
U 1
P 0x9f4607c
p 1
C 46
= 0x9f48404
R
P 0x9f38ef4
P 0x9f4bd58
U 1
P 0x9f46094
p 1
C 46
= 0x9f488e4
R
P 0x9f38ef4
P 0x9f488e4
P 0x9f48404
C 52
= 0x9f4d564
R
P 0x9f38ef4
U 4
P 0x9f94ac8
P 0x9f94aec
P 0x9f94b10
P 0x9f4d564
p 4
C 59
= 0x9f51064
R
P 0x9f38ef4
P 0x9f4bd34
U 1
P 0x9f4607c
p 1
C 46
= 0x9f483e4
R
P 0x9f38ef4
P 0x9f4bd34
U 1
P 0x9f46094
p 1
C 46
= 0x9f488c4
R
P 0x9f38ef4
P 0x9f488c4
P 0x9f483e4
C 52
= 0x9f4d540
R
P 0x9f38ef4
P 0x9f4bd58
U 1
P 0x9f4607c
p 1
C 46
= 0x9f48404
R
P 0x9f38ef4
P 0x9f4bd58
U 1
P 0x9f46094
p 1
C 46
= 0x9f488e4
R
P 0x9f38ef4
P 0x9f488e4
P 0x9f48404
C 52
= 0x9f4d564
R
P 0x9f38ef4
P 0x9f4bd7c
U 1
P 0x9f4607c
p 1
C 46
= 0x9f48444
R
P 0x9f38ef4
P 0x9f4bd7c
U 1
P 0x9f46094
p 1
C 46
= 0x9f48924
R
P 0x9f38ef4
P 0x9f48924
P 0x9f48444
C 52
= 0x9f4d51c
R
P 0x9f38ef4
P 0x9f4bda0
U 1
P 0x9f4607c
p 1
C 46
= 0x9f48424
R
P 0x9f38ef4
P 0x9f4bda0
U 1
P 0x9f46094
p 1
C 46
= 0x9f48904
R
P 0x9f38ef4
P 0x9f48904
P 0x9f48424
C 52
= 0x9f4d588
R
P 0x9f38ef4
U 4
P 0x9f4d540
P 0x9f4d564
P 0x9f4d51c
P 0x9f4d588
p 4
C 59
= 0x9f50fe0
R
P 0x9f38ef4
P 0x9f918e4
P 0x9f51064
P 0x9f50fe0
C 55
= 0x9f4a61c
R
P 0x9f38ef4
P 0x9f4bd34
U 1
P 0x9f4607c
p 1
C 46
= 0x9f483e4
R
P 0x9f38ef4
P 0x9f4bd34
U 1
P 0x9f46094
p 1
C 46
= 0x9f488c4
R
P 0x9f38ef4
P 0x9f488c4
P 0x9f483e4
C 52
= 0x9f4d540
R
P 0x9f38ef4
P 0x9f4bd58
U 1
P 0x9f4607c
p 1
C 46
= 0x9f48404
R
P 0x9f38ef4
P 0x9f4bd58
U 1
P 0x9f46094
p 1
C 46
= 0x9f488e4
R
P 0x9f38ef4
P 0x9f488e4
P 0x9f48404
C 52
= 0x9f4d564
R
P 0x9f38ef4
P 0x9f4bd7c
U 1
P 0x9f4607c
p 1
C 46
= 0x9f48444
R
P 0x9f38ef4
P 0x9f4bd7c
U 1
P 0x9f46094
p 1
C 46
= 0x9f48924
R
P 0x9f38ef4
P 0x9f48924
P 0x9f48444
C 52
= 0x9f4d51c
R
P 0x9f38ef4
P 0x9f4bda0
U 1
P 0x9f4607c
p 1
C 46
= 0x9f48424
R
P 0x9f38ef4
P 0x9f4bda0
U 1
P 0x9f46094
p 1
C 46
= 0x9f48904
R
P 0x9f38ef4
P 0x9f48904
P 0x9f48424
C 52
= 0x9f4d588
R
P 0x9f38ef4
U 4
P 0x9f4d540
P 0x9f4d564
P 0x9f4d51c
P 0x9f4d588
p 4
C 59
= 0x9f50fe0
R
P 0x9f38ef4
C 50
= 0x9f45944
R
P 0x9f38ef4
P 0x9f45944
P 0x9f50fe0
C 57
= 0x9f94b34
R
P 0x9f38ef4
U 5
P 0x9f4a464
P 0x9f4a4dc
P 0x9f4a554
P 0x9f4a61c
P 0x9f94b34
p 5
C 60
= 0x9f58d3c
R
P 0x9f38ef4
U 3
P 0x9f58c1c
P 0x9f58cac
P 0x9f58d3c
p 3
C 59
= 0x9f4a644
R
P 0x9f38ef4
P 0x9f4a644
C 443
R
P 0x9f38ef4
S "PS0_Critical_tok0"
C 27
R
P 0x9f38ef4
$ |PS0_Critical_tok0|
P 0x9f45fd4
C 47
= 0x9f468a4
R
P 0x9f38ef4
C 30
= 0x9f4598c
R
P 0x9f38ef4
I 1
P 0x9f4598c
C 142
= 0x9f460c4
R
P 0x9f38ef4
P 0x9f4bcc8
U 1
P 0x9f468a4
p 1
C 46
= 0x9f48c84
R
P 0x9f38ef4
P 0x9f48c84
P 0x9f460c4
C 52
= 0x9f94eb8
R
P 0x9f38ef4
U 1
P 0x9f94eb8
p 1
C 59
= 0x9f48ca4
R
P 0x9f38ef4
P 0x9f48ca4
C 443
R
P 0x9f38ef4
S "PS0_Critical_tok1"
C 27
R
P 0x9f38ef4
$ |PS0_Critical_tok1|
P 0x9f45fd4
C 47
= 0x9f468bc
R
P 0x9f38ef4
C 30
= 0x9f4598c
R
P 0x9f38ef4
I 2
P 0x9f4598c
C 142
= 0x9f462a4
R
P 0x9f38ef4
P 0x9f4bcc8
U 1
P 0x9f468bc
p 1
C 46
= 0x9f48ce4
R
P 0x9f38ef4
P 0x9f48ce4
P 0x9f462a4
C 52
= 0x9f94edc
R
P 0x9f38ef4
U 1
P 0x9f94edc
p 1
C 59
= 0x9f48d04
R
P 0x9f38ef4
P 0x9f48d04
C 443
R
P 0x9f38ef4
P 0x9f4bd7c
U 1
P 0x9f4604c
p 1
C 46
= 0x9f47c24
R
P 0x9f38ef4
P 0x9f47c24
P 0x9f468bc
C 124
= 0x9f94f00
R
P 0x9f38ef4
P 0x9f4bd7c
U 1
P 0x9f4604c
p 1
C 46
= 0x9f47c24
R
P 0x9f38ef4
P 0x9f47c24
P 0x9f468a4
C 124
= 0x9f94f24
R
P 0x9f38ef4
C 50
= 0x9f45944
R
P 0x9f38ef4
U 2
P 0x9f45944
P 0x9f94f24
p 2
C 59
= 0x9f94f48
R
P 0x9f38ef4
U 2
P 0x9f94f48
P 0x9f94f00
p 2
C 59
= 0x9f94f6c
R
P 0x9f38ef4
S "PS1_Critical_tok0"
C 27
R
P 0x9f38ef4
$ |PS1_Critical_tok0|
P 0x9f45fd4
C 47
= 0x9f468d4
R
P 0x9f38ef4
C 30
= 0x9f4598c
R
P 0x9f38ef4
I 1
P 0x9f4598c
C 142
= 0x9f460c4
R
P 0x9f38ef4
P 0x9f4bcc8
U 1
P 0x9f468d4
p 1
C 46
= 0x9f48d44
R
P 0x9f38ef4
P 0x9f48d44
P 0x9f460c4
C 52
= 0x9f94f90
R
P 0x9f38ef4
U 1
P 0x9f94f90
p 1
C 59
= 0x9f48d64
R
P 0x9f38ef4
P 0x9f48d64
C 443
R
P 0x9f38ef4
S "PS1_Critical_tok1"
C 27
R
P 0x9f38ef4
$ |PS1_Critical_tok1|
P 0x9f45fd4
C 47
= 0x9f468ec
R
P 0x9f38ef4
C 30
= 0x9f4598c
R
P 0x9f38ef4
I 2
P 0x9f4598c
C 142
= 0x9f462a4
R
P 0x9f38ef4
P 0x9f4bcc8
U 1
P 0x9f468ec
p 1
C 46
= 0x9f48da4
R
P 0x9f38ef4
P 0x9f48da4
P 0x9f462a4
C 52
= 0x9f94fb4
R
P 0x9f38ef4
U 1
P 0x9f94fb4
p 1
C 59
= 0x9f48dc4
R
P 0x9f38ef4
P 0x9f48dc4
C 443
R
P 0x9f38ef4
P 0x9f4bd7c
U 1
P 0x9f46064
p 1
C 46
= 0x9f47f64
R
P 0x9f38ef4
P 0x9f47f64
P 0x9f468ec
C 124
= 0x9f94fd8
R
P 0x9f38ef4
P 0x9f4bd7c
U 1
P 0x9f46064
p 1
C 46
= 0x9f47f64
R
P 0x9f38ef4
P 0x9f47f64
P 0x9f468d4
C 124
= 0x9f94ffc
R
P 0x9f38ef4
C 50
= 0x9f45944
R
P 0x9f38ef4
U 2
P 0x9f45944
P 0x9f94ffc
p 2
C 59
= 0x9f95020
R
P 0x9f38ef4
U 2
P 0x9f95020
P 0x9f94fd8
p 2
C 59
= 0x9f95044
R
P 0x9f38ef4
S "PS2_Critical_tok0"
C 27
R
P 0x9f38ef4
$ |PS2_Critical_tok0|
P 0x9f45fd4
C 47
= 0x9f46904
R
P 0x9f38ef4
C 30
= 0x9f4598c
R
P 0x9f38ef4
I 1
P 0x9f4598c
C 142
= 0x9f460c4
R
P 0x9f38ef4
P 0x9f4bcc8
U 1
P 0x9f46904
p 1
C 46
= 0x9f48e04
R
P 0x9f38ef4
P 0x9f48e04
P 0x9f460c4
C 52
= 0x9f95068
R
P 0x9f38ef4
U 1
P 0x9f95068
p 1
C 59
= 0x9f48e24
R
P 0x9f38ef4
P 0x9f48e24
C 443
R
P 0x9f38ef4
S "PS2_Critical_tok1"
C 27
R
P 0x9f38ef4
$ |PS2_Critical_tok1|
P 0x9f45fd4
C 47
= 0x9f4691c
R
P 0x9f38ef4
C 30
= 0x9f4598c
R
P 0x9f38ef4
I 2
P 0x9f4598c
C 142
= 0x9f462a4
R
P 0x9f38ef4
P 0x9f4bcc8
U 1
P 0x9f4691c
p 1
C 46
= 0x9f48e64
R
P 0x9f38ef4
P 0x9f48e64
P 0x9f462a4
C 52
= 0x9f9508c
R
P 0x9f38ef4
U 1
P 0x9f9508c
p 1
C 59
= 0x9f48e84
R
P 0x9f38ef4
P 0x9f48e84
C 443
R
P 0x9f38ef4
P 0x9f4bd7c
U 1
P 0x9f4607c
p 1
C 46
= 0x9f48444
R
P 0x9f38ef4
P 0x9f48444
P 0x9f4691c
C 124
= 0x9f950b0
R
P 0x9f38ef4
P 0x9f4bd7c
U 1
P 0x9f4607c
p 1
C 46
= 0x9f48444
R
P 0x9f38ef4
P 0x9f48444
P 0x9f46904
C 124
= 0x9f950d4
R
P 0x9f38ef4
C 50
= 0x9f45944
R
P 0x9f38ef4
U 2
P 0x9f45944
P 0x9f950d4
p 2
C 59
= 0x9f950f8
R
P 0x9f38ef4
U 2
P 0x9f950f8
P 0x9f950b0
p 2
C 59
= 0x9f9511c
R
P 0x9f38ef4
S "PS3_Critical_tok0"
C 27
R
P 0x9f38ef4
$ |PS3_Critical_tok0|
P 0x9f45fd4
C 47
= 0x9f46934
R
P 0x9f38ef4
C 30
= 0x9f4598c
R
P 0x9f38ef4
I 1
P 0x9f4598c
C 142
= 0x9f460c4
R
P 0x9f38ef4
P 0x9f4bcc8
U 1
P 0x9f46934
p 1
C 46
= 0x9f48ec4
R
P 0x9f38ef4
P 0x9f48ec4
P 0x9f460c4
C 52
= 0x9f95140
R
P 0x9f38ef4
U 1
P 0x9f95140
p 1
C 59
= 0x9f48ee4
R
P 0x9f38ef4
P 0x9f48ee4
C 443
R
P 0x9f38ef4
S "PS3_Critical_tok1"
C 27
R
P 0x9f38ef4
$ |PS3_Critical_tok1|
P 0x9f45fd4
C 47
= 0x9f4694c
R
P 0x9f38ef4
C 30
= 0x9f4598c
R
P 0x9f38ef4
I 2
P 0x9f4598c
C 142
= 0x9f462a4
R
P 0x9f38ef4
P 0x9f4bcc8
U 1
P 0x9f4694c
p 1
C 46
= 0x9f48f24
R
P 0x9f38ef4
P 0x9f48f24
P 0x9f462a4
C 52
= 0x9f95164
R
P 0x9f38ef4
U 1
P 0x9f95164
p 1
C 59
= 0x9f48f44
R
P 0x9f38ef4
P 0x9f48f44
C 443
R
P 0x9f38ef4
P 0x9f4bd7c
U 1
P 0x9f46094
p 1
C 46
= 0x9f48924
R
P 0x9f38ef4
P 0x9f48924
P 0x9f4694c
C 124
= 0x9f95188
R
P 0x9f38ef4
P 0x9f4bd7c
U 1
P 0x9f46094
p 1
C 46
= 0x9f48924
R
P 0x9f38ef4
P 0x9f48924
P 0x9f46934
C 124
= 0x9f951ac
R
P 0x9f38ef4
C 50
= 0x9f45944
R
P 0x9f38ef4
U 2
P 0x9f45944
P 0x9f951ac
p 2
C 59
= 0x9f951d0
R
P 0x9f38ef4
U 2
P 0x9f951d0
P 0x9f95188
p 2
C 59
= 0x9f951f4
R
P 0x9f38ef4
U 4
P 0x9f94f6c
P 0x9f95044
P 0x9f9511c
P 0x9f951f4
p 4
C 60
= 0x9f51090
R
P 0x9f38ef4
P 0x9f51090
C 443
R
P 0x9f38ef4
P 0
C 444
* 0 1
R
P 0x9f38ef4
C 476
R
P 0x9f38ef4
C 476
R
P 0x9f38ef4
C 5
R
P 0x9f3743c
C 1
